CRITICAL - 2024-10-25 03:01:57 --> ErrorException: Undefined variable $genero
[Method: GET, Route: inicio]
in APPPATH/Views/principal.php on line 377.
 1 APPPATH/Views/principal.php(377): CodeIgniter\Debug\Exceptions->errorHandler()
 2 SYSTEMPATH/View/View.php(234): include('/home/u437507083/domains/oscaralas.link/public_html/prosaludlab/app/Views/principal.php')
 3 SYSTEMPATH/View/View.php(237): CodeIgniter\View\View->CodeIgniter\View\{closure}()
 4 SYSTEMPATH/Common.php(1171): CodeIgniter\View\View->render()
 5 APPPATH/Controllers/Home.php(15): view()
 6 SYSTEMPATH/CodeIgniter.php(933): App\Controllers\Home->inicio()
 7 SYSTEMPATH/CodeIgniter.php(509): CodeIgniter\CodeIgniter->runController()
 8 SYSTEMPATH/CodeIgniter.php(355): CodeIgniter\CodeIgniter->handleRequest()
 9 SYSTEMPATH/Boot.php(325): CodeIgniter\CodeIgniter->run()
10 SYSTEMPATH/Boot.php(67): CodeIgniter\Boot::runCodeIgniter()
11 FCPATH/index.php(56): CodeIgniter\Boot::bootWeb()
CRITICAL - 2024-10-25 03:02:02 --> ErrorException: Undefined variable $genero
[Method: GET, Route: inicio]
in APPPATH/Views/principal.php on line 377.
 1 APPPATH/Views/principal.php(377): CodeIgniter\Debug\Exceptions->errorHandler()
 2 SYSTEMPATH/View/View.php(234): include('/home/u437507083/domains/oscaralas.link/public_html/prosaludlab/app/Views/principal.php')
 3 SYSTEMPATH/View/View.php(237): CodeIgniter\View\View->CodeIgniter\View\{closure}()
 4 SYSTEMPATH/Common.php(1171): CodeIgniter\View\View->render()
 5 APPPATH/Controllers/Home.php(15): view()
 6 SYSTEMPATH/CodeIgniter.php(933): App\Controllers\Home->inicio()
 7 SYSTEMPATH/CodeIgniter.php(509): CodeIgniter\CodeIgniter->runController()
 8 SYSTEMPATH/CodeIgniter.php(355): CodeIgniter\CodeIgniter->handleRequest()
 9 SYSTEMPATH/Boot.php(325): CodeIgniter\CodeIgniter->run()
10 SYSTEMPATH/Boot.php(67): CodeIgniter\Boot::runCodeIgniter()
11 FCPATH/index.php(56): CodeIgniter\Boot::bootWeb()
CRITICAL - 2024-10-25 03:03:25 --> ErrorException: Array to string conversion
[Method: GET, Route: inicio]
in APPPATH/Controllers/Home.php on line 15.
 1 APPPATH/Controllers/Home.php(15): CodeIgniter\Debug\Exceptions->errorHandler()
 2 SYSTEMPATH/CodeIgniter.php(933): App\Controllers\Home->inicio()
 3 SYSTEMPATH/CodeIgniter.php(509): CodeIgniter\CodeIgniter->runController()
 4 SYSTEMPATH/CodeIgniter.php(355): CodeIgniter\CodeIgniter->handleRequest()
 5 SYSTEMPATH/Boot.php(325): CodeIgniter\CodeIgniter->run()
 6 SYSTEMPATH/Boot.php(67): CodeIgniter\Boot::runCodeIgniter()
 7 FCPATH/index.php(56): CodeIgniter\Boot::bootWeb()
CRITICAL - 2024-10-25 03:03:27 --> ErrorException: Array to string conversion
[Method: GET, Route: inicio]
in APPPATH/Controllers/Home.php on line 15.
 1 APPPATH/Controllers/Home.php(15): CodeIgniter\Debug\Exceptions->errorHandler()
 2 SYSTEMPATH/CodeIgniter.php(933): App\Controllers\Home->inicio()
 3 SYSTEMPATH/CodeIgniter.php(509): CodeIgniter\CodeIgniter->runController()
 4 SYSTEMPATH/CodeIgniter.php(355): CodeIgniter\CodeIgniter->handleRequest()
 5 SYSTEMPATH/Boot.php(325): CodeIgniter\CodeIgniter->run()
 6 SYSTEMPATH/Boot.php(67): CodeIgniter\Boot::runCodeIgniter()
 7 FCPATH/index.php(56): CodeIgniter\Boot::bootWeb()
CRITICAL - 2024-10-25 03:10:23 --> ErrorException: Undefined variable $genero
[Method: GET, Route: inicio]
in APPPATH/Views/principal.php on line 377.
 1 APPPATH/Views/principal.php(377): CodeIgniter\Debug\Exceptions->errorHandler()
 2 SYSTEMPATH/View/View.php(234): include('/home/u437507083/domains/oscaralas.link/public_html/prosaludlab/app/Views/principal.php')
 3 SYSTEMPATH/View/View.php(237): CodeIgniter\View\View->CodeIgniter\View\{closure}()
 4 SYSTEMPATH/Common.php(1171): CodeIgniter\View\View->render()
 5 APPPATH/Controllers/Home.php(17): view()
 6 SYSTEMPATH/CodeIgniter.php(933): App\Controllers\Home->inicio()
 7 SYSTEMPATH/CodeIgniter.php(509): CodeIgniter\CodeIgniter->runController()
 8 SYSTEMPATH/CodeIgniter.php(355): CodeIgniter\CodeIgniter->handleRequest()
 9 SYSTEMPATH/Boot.php(325): CodeIgniter\CodeIgniter->run()
10 SYSTEMPATH/Boot.php(67): CodeIgniter\Boot::runCodeIgniter()
11 FCPATH/index.php(56): CodeIgniter\Boot::bootWeb()
CRITICAL - 2024-10-25 03:11:11 --> ErrorException: Undefined variable $genero
[Method: GET, Route: inicio]
in APPPATH/Views/principal.php on line 377.
 1 APPPATH/Views/principal.php(377): CodeIgniter\Debug\Exceptions->errorHandler()
 2 SYSTEMPATH/View/View.php(234): include('/home/u437507083/domains/oscaralas.link/public_html/prosaludlab/app/Views/principal.php')
 3 SYSTEMPATH/View/View.php(237): CodeIgniter\View\View->CodeIgniter\View\{closure}()
 4 SYSTEMPATH/Common.php(1171): CodeIgniter\View\View->render()
 5 APPPATH/Controllers/Home.php(17): view()
 6 SYSTEMPATH/CodeIgniter.php(933): App\Controllers\Home->inicio()
 7 SYSTEMPATH/CodeIgniter.php(509): CodeIgniter\CodeIgniter->runController()
 8 SYSTEMPATH/CodeIgniter.php(355): CodeIgniter\CodeIgniter->handleRequest()
 9 SYSTEMPATH/Boot.php(325): CodeIgniter\CodeIgniter->run()
10 SYSTEMPATH/Boot.php(67): CodeIgniter\Boot::runCodeIgniter()
11 FCPATH/index.php(56): CodeIgniter\Boot::bootWeb()
CRITICAL - 2024-10-25 03:11:43 --> ErrorException: Undefined variable $genero
[Method: GET, Route: inicio]
in APPPATH/Views/principal.php on line 377.
 1 APPPATH/Views/principal.php(377): CodeIgniter\Debug\Exceptions->errorHandler()
 2 SYSTEMPATH/View/View.php(234): include('/home/u437507083/domains/oscaralas.link/public_html/prosaludlab/app/Views/principal.php')
 3 SYSTEMPATH/View/View.php(237): CodeIgniter\View\View->CodeIgniter\View\{closure}()
 4 SYSTEMPATH/Common.php(1171): CodeIgniter\View\View->render()
 5 APPPATH/Controllers/Home.php(17): view()
 6 SYSTEMPATH/CodeIgniter.php(933): App\Controllers\Home->inicio()
 7 SYSTEMPATH/CodeIgniter.php(509): CodeIgniter\CodeIgniter->runController()
 8 SYSTEMPATH/CodeIgniter.php(355): CodeIgniter\CodeIgniter->handleRequest()
 9 SYSTEMPATH/Boot.php(325): CodeIgniter\CodeIgniter->run()
10 SYSTEMPATH/Boot.php(67): CodeIgniter\Boot::runCodeIgniter()
11 FCPATH/index.php(56): CodeIgniter\Boot::bootWeb()
CRITICAL - 2024-10-25 03:11:46 --> ErrorException: Undefined variable $genero
[Method: GET, Route: inicio]
in APPPATH/Views/principal.php on line 377.
 1 APPPATH/Views/principal.php(377): CodeIgniter\Debug\Exceptions->errorHandler()
 2 SYSTEMPATH/View/View.php(234): include('/home/u437507083/domains/oscaralas.link/public_html/prosaludlab/app/Views/principal.php')
 3 SYSTEMPATH/View/View.php(237): CodeIgniter\View\View->CodeIgniter\View\{closure}()
 4 SYSTEMPATH/Common.php(1171): CodeIgniter\View\View->render()
 5 APPPATH/Controllers/Home.php(17): view()
 6 SYSTEMPATH/CodeIgniter.php(933): App\Controllers\Home->inicio()
 7 SYSTEMPATH/CodeIgniter.php(509): CodeIgniter\CodeIgniter->runController()
 8 SYSTEMPATH/CodeIgniter.php(355): CodeIgniter\CodeIgniter->handleRequest()
 9 SYSTEMPATH/Boot.php(325): CodeIgniter\CodeIgniter->run()
10 SYSTEMPATH/Boot.php(67): CodeIgniter\Boot::runCodeIgniter()
11 FCPATH/index.php(56): CodeIgniter\Boot::bootWeb()
CRITICAL - 2024-10-25 03:11:47 --> ErrorException: Undefined variable $genero
[Method: GET, Route: inicio]
in APPPATH/Views/principal.php on line 377.
 1 APPPATH/Views/principal.php(377): CodeIgniter\Debug\Exceptions->errorHandler()
 2 SYSTEMPATH/View/View.php(234): include('/home/u437507083/domains/oscaralas.link/public_html/prosaludlab/app/Views/principal.php')
 3 SYSTEMPATH/View/View.php(237): CodeIgniter\View\View->CodeIgniter\View\{closure}()
 4 SYSTEMPATH/Common.php(1171): CodeIgniter\View\View->render()
 5 APPPATH/Controllers/Home.php(17): view()
 6 SYSTEMPATH/CodeIgniter.php(933): App\Controllers\Home->inicio()
 7 SYSTEMPATH/CodeIgniter.php(509): CodeIgniter\CodeIgniter->runController()
 8 SYSTEMPATH/CodeIgniter.php(355): CodeIgniter\CodeIgniter->handleRequest()
 9 SYSTEMPATH/Boot.php(325): CodeIgniter\CodeIgniter->run()
10 SYSTEMPATH/Boot.php(67): CodeIgniter\Boot::runCodeIgniter()
11 FCPATH/index.php(56): CodeIgniter\Boot::bootWeb()
CRITICAL - 2024-10-25 03:11:54 --> ErrorException: Undefined variable $genero
[Method: GET, Route: inicio]
in APPPATH/Views/principal.php on line 377.
 1 APPPATH/Views/principal.php(377): CodeIgniter\Debug\Exceptions->errorHandler()
 2 SYSTEMPATH/View/View.php(234): include('/home/u437507083/domains/oscaralas.link/public_html/prosaludlab/app/Views/principal.php')
 3 SYSTEMPATH/View/View.php(237): CodeIgniter\View\View->CodeIgniter\View\{closure}()
 4 SYSTEMPATH/Common.php(1171): CodeIgniter\View\View->render()
 5 APPPATH/Controllers/Home.php(17): view()
 6 SYSTEMPATH/CodeIgniter.php(933): App\Controllers\Home->inicio()
 7 SYSTEMPATH/CodeIgniter.php(509): CodeIgniter\CodeIgniter->runController()
 8 SYSTEMPATH/CodeIgniter.php(355): CodeIgniter\CodeIgniter->handleRequest()
 9 SYSTEMPATH/Boot.php(325): CodeIgniter\CodeIgniter->run()
10 SYSTEMPATH/Boot.php(67): CodeIgniter\Boot::runCodeIgniter()
11 FCPATH/index.php(56): CodeIgniter\Boot::bootWeb()
CRITICAL - 2024-10-25 03:12:06 --> ErrorException: Undefined variable $genero
[Method: GET, Route: inicio]
in APPPATH/Views/principal.php on line 377.
 1 APPPATH/Views/principal.php(377): CodeIgniter\Debug\Exceptions->errorHandler()
 2 SYSTEMPATH/View/View.php(234): include('/home/u437507083/domains/oscaralas.link/public_html/prosaludlab/app/Views/principal.php')
 3 SYSTEMPATH/View/View.php(237): CodeIgniter\View\View->CodeIgniter\View\{closure}()
 4 SYSTEMPATH/Common.php(1171): CodeIgniter\View\View->render()
 5 APPPATH/Controllers/Home.php(17): view()
 6 SYSTEMPATH/CodeIgniter.php(933): App\Controllers\Home->inicio()
 7 SYSTEMPATH/CodeIgniter.php(509): CodeIgniter\CodeIgniter->runController()
 8 SYSTEMPATH/CodeIgniter.php(355): CodeIgniter\CodeIgniter->handleRequest()
 9 SYSTEMPATH/Boot.php(325): CodeIgniter\CodeIgniter->run()
10 SYSTEMPATH/Boot.php(67): CodeIgniter\Boot::runCodeIgniter()
11 FCPATH/index.php(56): CodeIgniter\Boot::bootWeb()
CRITICAL - 2024-10-25 03:13:23 --> ErrorException: Undefined variable $genero
[Method: GET, Route: inicio]
in APPPATH/Views/principal.php on line 377.
 1 APPPATH/Views/principal.php(377): CodeIgniter\Debug\Exceptions->errorHandler()
 2 SYSTEMPATH/View/View.php(234): include('/home/u437507083/domains/oscaralas.link/public_html/prosaludlab/app/Views/principal.php')
 3 SYSTEMPATH/View/View.php(237): CodeIgniter\View\View->CodeIgniter\View\{closure}()
 4 SYSTEMPATH/Common.php(1171): CodeIgniter\View\View->render()
 5 APPPATH/Controllers/Home.php(17): view()
 6 SYSTEMPATH/CodeIgniter.php(933): App\Controllers\Home->inicio()
 7 SYSTEMPATH/CodeIgniter.php(509): CodeIgniter\CodeIgniter->runController()
 8 SYSTEMPATH/CodeIgniter.php(355): CodeIgniter\CodeIgniter->handleRequest()
 9 SYSTEMPATH/Boot.php(325): CodeIgniter\CodeIgniter->run()
10 SYSTEMPATH/Boot.php(67): CodeIgniter\Boot::runCodeIgniter()
11 FCPATH/index.php(56): CodeIgniter\Boot::bootWeb()
CRITICAL - 2024-10-25 03:14:09 --> ErrorException: Undefined variable $genero_usuario
[Method: GET, Route: inicio]
in APPPATH/Views/principal.php on line 377.
 1 APPPATH/Views/principal.php(377): CodeIgniter\Debug\Exceptions->errorHandler()
 2 SYSTEMPATH/View/View.php(234): include('/home/u437507083/domains/oscaralas.link/public_html/prosaludlab/app/Views/principal.php')
 3 SYSTEMPATH/View/View.php(237): CodeIgniter\View\View->CodeIgniter\View\{closure}()
 4 SYSTEMPATH/Common.php(1171): CodeIgniter\View\View->render()
 5 APPPATH/Controllers/Home.php(17): view()
 6 SYSTEMPATH/CodeIgniter.php(933): App\Controllers\Home->inicio()
 7 SYSTEMPATH/CodeIgniter.php(509): CodeIgniter\CodeIgniter->runController()
 8 SYSTEMPATH/CodeIgniter.php(355): CodeIgniter\CodeIgniter->handleRequest()
 9 SYSTEMPATH/Boot.php(325): CodeIgniter\CodeIgniter->run()
10 SYSTEMPATH/Boot.php(67): CodeIgniter\Boot::runCodeIgniter()
11 FCPATH/index.php(56): CodeIgniter\Boot::bootWeb()
CRITICAL - 2024-10-25 04:01:47 --> ArgumentCountError: Too few arguments to function App\Controllers\Home::inicio(), 0 passed in /home/u437507083/domains/oscaralas.link/public_html/prosaludlab/system/CodeIgniter.php on line 933 and exactly 1 expected
[Method: GET, Route: inicio]
in APPPATH/Controllers/Home.php on line 11.
 1 SYSTEMPATH/CodeIgniter.php(933): App\Controllers\Home->inicio()
 2 SYSTEMPATH/CodeIgniter.php(509): CodeIgniter\CodeIgniter->runController()
 3 SYSTEMPATH/CodeIgniter.php(355): CodeIgniter\CodeIgniter->handleRequest()
 4 SYSTEMPATH/Boot.php(325): CodeIgniter\CodeIgniter->run()
 5 SYSTEMPATH/Boot.php(67): CodeIgniter\Boot::runCodeIgniter()
 6 FCPATH/index.php(56): CodeIgniter\Boot::bootWeb()
CRITICAL - 2024-10-25 04:02:08 --> ArgumentCountError: Too few arguments to function App\Controllers\Home::inicio(), 0 passed in /home/u437507083/domains/oscaralas.link/public_html/prosaludlab/system/CodeIgniter.php on line 933 and exactly 1 expected
[Method: GET, Route: inicio]
in APPPATH/Controllers/Home.php on line 11.
 1 SYSTEMPATH/CodeIgniter.php(933): App\Controllers\Home->inicio()
 2 SYSTEMPATH/CodeIgniter.php(509): CodeIgniter\CodeIgniter->runController()
 3 SYSTEMPATH/CodeIgniter.php(355): CodeIgniter\CodeIgniter->handleRequest()
 4 SYSTEMPATH/Boot.php(325): CodeIgniter\CodeIgniter->run()
 5 SYSTEMPATH/Boot.php(67): CodeIgniter\Boot::runCodeIgniter()
 6 FCPATH/index.php(56): CodeIgniter\Boot::bootWeb()
CRITICAL - 2024-10-25 04:02:32 --> ErrorException: Undefined property: App\Controllers\Home::$Usuario
[Method: GET, Route: inicio]
in APPPATH/Controllers/Home.php on line 17.
 1 APPPATH/Controllers/Home.php(17): CodeIgniter\Debug\Exceptions->errorHandler()
 2 SYSTEMPATH/CodeIgniter.php(933): App\Controllers\Home->inicio()
 3 SYSTEMPATH/CodeIgniter.php(509): CodeIgniter\CodeIgniter->runController()
 4 SYSTEMPATH/CodeIgniter.php(355): CodeIgniter\CodeIgniter->handleRequest()
 5 SYSTEMPATH/Boot.php(325): CodeIgniter\CodeIgniter->run()
 6 SYSTEMPATH/Boot.php(67): CodeIgniter\Boot::runCodeIgniter()
 7 FCPATH/index.php(56): CodeIgniter\Boot::bootWeb()
CRITICAL - 2024-10-25 04:03:43 --> ErrorException: Undefined property: App\Controllers\Home::$load
[Method: GET, Route: inicio]
in APPPATH/Controllers/Home.php on line 16.
 1 APPPATH/Controllers/Home.php(16): CodeIgniter\Debug\Exceptions->errorHandler()
 2 SYSTEMPATH/CodeIgniter.php(933): App\Controllers\Home->inicio()
 3 SYSTEMPATH/CodeIgniter.php(509): CodeIgniter\CodeIgniter->runController()
 4 SYSTEMPATH/CodeIgniter.php(355): CodeIgniter\CodeIgniter->handleRequest()
 5 SYSTEMPATH/Boot.php(325): CodeIgniter\CodeIgniter->run()
 6 SYSTEMPATH/Boot.php(67): CodeIgniter\Boot::runCodeIgniter()
 7 FCPATH/index.php(56): CodeIgniter\Boot::bootWeb()
CRITICAL - 2024-10-25 04:08:18 --> ErrorException: Undefined property: App\Controllers\Home::$load
[Method: GET, Route: inicio]
in APPPATH/Controllers/Home.php on line 16.
 1 APPPATH/Controllers/Home.php(16): CodeIgniter\Debug\Exceptions->errorHandler()
 2 SYSTEMPATH/CodeIgniter.php(933): App\Controllers\Home->inicio()
 3 SYSTEMPATH/CodeIgniter.php(509): CodeIgniter\CodeIgniter->runController()
 4 SYSTEMPATH/CodeIgniter.php(355): CodeIgniter\CodeIgniter->handleRequest()
 5 SYSTEMPATH/Boot.php(325): CodeIgniter\CodeIgniter->run()
 6 SYSTEMPATH/Boot.php(67): CodeIgniter\Boot::runCodeIgniter()
 7 FCPATH/index.php(56): CodeIgniter\Boot::bootWeb()
CRITICAL - 2024-10-25 04:11:13 --> ErrorException: Undefined property: App\Controllers\Home::$load
[Method: GET, Route: inicio]
in APPPATH/Controllers/Home.php on line 20.
 1 APPPATH/Controllers/Home.php(20): CodeIgniter\Debug\Exceptions->errorHandler()
 2 SYSTEMPATH/CodeIgniter.php(933): App\Controllers\Home->inicio()
 3 SYSTEMPATH/CodeIgniter.php(509): CodeIgniter\CodeIgniter->runController()
 4 SYSTEMPATH/CodeIgniter.php(355): CodeIgniter\CodeIgniter->handleRequest()
 5 SYSTEMPATH/Boot.php(325): CodeIgniter\CodeIgniter->run()
 6 SYSTEMPATH/Boot.php(67): CodeIgniter\Boot::runCodeIgniter()
 7 FCPATH/index.php(56): CodeIgniter\Boot::bootWeb()
CRITICAL - 2024-10-25 04:12:04 --> ErrorException: Undefined property: App\Controllers\Home::$load
[Method: GET, Route: inicio]
in APPPATH/Controllers/Home.php on line 20.
 1 APPPATH/Controllers/Home.php(20): CodeIgniter\Debug\Exceptions->errorHandler()
 2 SYSTEMPATH/CodeIgniter.php(933): App\Controllers\Home->inicio()
 3 SYSTEMPATH/CodeIgniter.php(509): CodeIgniter\CodeIgniter->runController()
 4 SYSTEMPATH/CodeIgniter.php(355): CodeIgniter\CodeIgniter->handleRequest()
 5 SYSTEMPATH/Boot.php(325): CodeIgniter\CodeIgniter->run()
 6 SYSTEMPATH/Boot.php(67): CodeIgniter\Boot::runCodeIgniter()
 7 FCPATH/index.php(56): CodeIgniter\Boot::bootWeb()
CRITICAL - 2024-10-25 04:12:05 --> ErrorException: Undefined property: App\Controllers\Home::$load
[Method: GET, Route: inicio]
in APPPATH/Controllers/Home.php on line 20.
 1 APPPATH/Controllers/Home.php(20): CodeIgniter\Debug\Exceptions->errorHandler()
 2 SYSTEMPATH/CodeIgniter.php(933): App\Controllers\Home->inicio()
 3 SYSTEMPATH/CodeIgniter.php(509): CodeIgniter\CodeIgniter->runController()
 4 SYSTEMPATH/CodeIgniter.php(355): CodeIgniter\CodeIgniter->handleRequest()
 5 SYSTEMPATH/Boot.php(325): CodeIgniter\CodeIgniter->run()
 6 SYSTEMPATH/Boot.php(67): CodeIgniter\Boot::runCodeIgniter()
 7 FCPATH/index.php(56): CodeIgniter\Boot::bootWeb()
CRITICAL - 2024-10-25 04:12:07 --> ErrorException: Undefined property: App\Controllers\Home::$load
[Method: GET, Route: inicio]
in APPPATH/Controllers/Home.php on line 20.
 1 APPPATH/Controllers/Home.php(20): CodeIgniter\Debug\Exceptions->errorHandler()
 2 SYSTEMPATH/CodeIgniter.php(933): App\Controllers\Home->inicio()
 3 SYSTEMPATH/CodeIgniter.php(509): CodeIgniter\CodeIgniter->runController()
 4 SYSTEMPATH/CodeIgniter.php(355): CodeIgniter\CodeIgniter->handleRequest()
 5 SYSTEMPATH/Boot.php(325): CodeIgniter\CodeIgniter->run()
 6 SYSTEMPATH/Boot.php(67): CodeIgniter\Boot::runCodeIgniter()
 7 FCPATH/index.php(56): CodeIgniter\Boot::bootWeb()
CRITICAL - 2024-10-25 04:15:21 --> ErrorException: Undefined property: App\Controllers\Home::$load
[Method: GET, Route: inicio]
in APPPATH/Controllers/Home.php on line 20.
 1 APPPATH/Controllers/Home.php(20): CodeIgniter\Debug\Exceptions->errorHandler()
 2 SYSTEMPATH/CodeIgniter.php(933): App\Controllers\Home->inicio()
 3 SYSTEMPATH/CodeIgniter.php(509): CodeIgniter\CodeIgniter->runController()
 4 SYSTEMPATH/CodeIgniter.php(355): CodeIgniter\CodeIgniter->handleRequest()
 5 SYSTEMPATH/Boot.php(325): CodeIgniter\CodeIgniter->run()
 6 SYSTEMPATH/Boot.php(67): CodeIgniter\Boot::runCodeIgniter()
 7 FCPATH/index.php(56): CodeIgniter\Boot::bootWeb()
CRITICAL - 2024-10-25 04:15:31 --> Error: Class "App\Models\Usuario" not found
[Method: GET, Route: inicio]
in APPPATH/Controllers/Home.php on line 20.
 1 SYSTEMPATH/CodeIgniter.php(933): App\Controllers\Home->inicio()
 2 SYSTEMPATH/CodeIgniter.php(509): CodeIgniter\CodeIgniter->runController()
 3 SYSTEMPATH/CodeIgniter.php(355): CodeIgniter\CodeIgniter->handleRequest()
 4 SYSTEMPATH/Boot.php(325): CodeIgniter\CodeIgniter->run()
 5 SYSTEMPATH/Boot.php(67): CodeIgniter\Boot::runCodeIgniter()
 6 FCPATH/index.php(56): CodeIgniter\Boot::bootWeb()
CRITICAL - 2024-10-25 04:16:23 --> Error: Class "App\Models\Usuario" not found
[Method: GET, Route: inicio]
in APPPATH/Controllers/Home.php on line 20.
 1 SYSTEMPATH/CodeIgniter.php(933): App\Controllers\Home->inicio()
 2 SYSTEMPATH/CodeIgniter.php(509): CodeIgniter\CodeIgniter->runController()
 3 SYSTEMPATH/CodeIgniter.php(355): CodeIgniter\CodeIgniter->handleRequest()
 4 SYSTEMPATH/Boot.php(325): CodeIgniter\CodeIgniter->run()
 5 SYSTEMPATH/Boot.php(67): CodeIgniter\Boot::runCodeIgniter()
 6 FCPATH/index.php(56): CodeIgniter\Boot::bootWeb()
CRITICAL - 2024-10-25 04:19:34 --> Error: Class "App\Models\Usuario" not found
[Method: GET, Route: inicio]
in APPPATH/Controllers/Home.php on line 21.
 1 SYSTEMPATH/CodeIgniter.php(933): App\Controllers\Home->inicio()
 2 SYSTEMPATH/CodeIgniter.php(509): CodeIgniter\CodeIgniter->runController()
 3 SYSTEMPATH/CodeIgniter.php(355): CodeIgniter\CodeIgniter->handleRequest()
 4 SYSTEMPATH/Boot.php(325): CodeIgniter\CodeIgniter->run()
 5 SYSTEMPATH/Boot.php(67): CodeIgniter\Boot::runCodeIgniter()
 6 FCPATH/index.php(56): CodeIgniter\Boot::bootWeb()
CRITICAL - 2024-10-25 04:19:40 --> Error: Class "App\Models\Usuario" not found
[Method: GET, Route: inicio]
in APPPATH/Controllers/Home.php on line 21.
 1 SYSTEMPATH/CodeIgniter.php(933): App\Controllers\Home->inicio()
 2 SYSTEMPATH/CodeIgniter.php(509): CodeIgniter\CodeIgniter->runController()
 3 SYSTEMPATH/CodeIgniter.php(355): CodeIgniter\CodeIgniter->handleRequest()
 4 SYSTEMPATH/Boot.php(325): CodeIgniter\CodeIgniter->run()
 5 SYSTEMPATH/Boot.php(67): CodeIgniter\Boot::runCodeIgniter()
 6 FCPATH/index.php(56): CodeIgniter\Boot::bootWeb()
CRITICAL - 2024-10-25 04:20:15 --> Error: Class "App\Models\Usuario" not found
[Method: GET, Route: inicio]
in APPPATH/Controllers/Home.php on line 21.
 1 SYSTEMPATH/CodeIgniter.php(933): App\Controllers\Home->inicio()
 2 SYSTEMPATH/CodeIgniter.php(509): CodeIgniter\CodeIgniter->runController()
 3 SYSTEMPATH/CodeIgniter.php(355): CodeIgniter\CodeIgniter->handleRequest()
 4 SYSTEMPATH/Boot.php(325): CodeIgniter\CodeIgniter->run()
 5 SYSTEMPATH/Boot.php(67): CodeIgniter\Boot::runCodeIgniter()
 6 FCPATH/index.php(56): CodeIgniter\Boot::bootWeb()
CRITICAL - 2024-10-25 04:20:16 --> Error: Class "App\Models\Usuario" not found
[Method: GET, Route: inicio]
in APPPATH/Controllers/Home.php on line 21.
 1 SYSTEMPATH/CodeIgniter.php(933): App\Controllers\Home->inicio()
 2 SYSTEMPATH/CodeIgniter.php(509): CodeIgniter\CodeIgniter->runController()
 3 SYSTEMPATH/CodeIgniter.php(355): CodeIgniter\CodeIgniter->handleRequest()
 4 SYSTEMPATH/Boot.php(325): CodeIgniter\CodeIgniter->run()
 5 SYSTEMPATH/Boot.php(67): CodeIgniter\Boot::runCodeIgniter()
 6 FCPATH/index.php(56): CodeIgniter\Boot::bootWeb()
CRITICAL - 2024-10-25 04:20:17 --> Error: Class "App\Models\Usuario" not found
[Method: GET, Route: inicio]
in APPPATH/Controllers/Home.php on line 21.
 1 SYSTEMPATH/CodeIgniter.php(933): App\Controllers\Home->inicio()
 2 SYSTEMPATH/CodeIgniter.php(509): CodeIgniter\CodeIgniter->runController()
 3 SYSTEMPATH/CodeIgniter.php(355): CodeIgniter\CodeIgniter->handleRequest()
 4 SYSTEMPATH/Boot.php(325): CodeIgniter\CodeIgniter->run()
 5 SYSTEMPATH/Boot.php(67): CodeIgniter\Boot::runCodeIgniter()
 6 FCPATH/index.php(56): CodeIgniter\Boot::bootWeb()
CRITICAL - 2024-10-25 04:20:18 --> Error: Class "App\Models\Usuario" not found
[Method: GET, Route: inicio]
in APPPATH/Controllers/Home.php on line 21.
 1 SYSTEMPATH/CodeIgniter.php(933): App\Controllers\Home->inicio()
 2 SYSTEMPATH/CodeIgniter.php(509): CodeIgniter\CodeIgniter->runController()
 3 SYSTEMPATH/CodeIgniter.php(355): CodeIgniter\CodeIgniter->handleRequest()
 4 SYSTEMPATH/Boot.php(325): CodeIgniter\CodeIgniter->run()
 5 SYSTEMPATH/Boot.php(67): CodeIgniter\Boot::runCodeIgniter()
 6 FCPATH/index.php(56): CodeIgniter\Boot::bootWeb()
CRITICAL - 2024-10-25 04:20:19 --> Error: Class "App\Models\Usuario" not found
[Method: GET, Route: inicio]
in APPPATH/Controllers/Home.php on line 21.
 1 SYSTEMPATH/CodeIgniter.php(933): App\Controllers\Home->inicio()
 2 SYSTEMPATH/CodeIgniter.php(509): CodeIgniter\CodeIgniter->runController()
 3 SYSTEMPATH/CodeIgniter.php(355): CodeIgniter\CodeIgniter->handleRequest()
 4 SYSTEMPATH/Boot.php(325): CodeIgniter\CodeIgniter->run()
 5 SYSTEMPATH/Boot.php(67): CodeIgniter\Boot::runCodeIgniter()
 6 FCPATH/index.php(56): CodeIgniter\Boot::bootWeb()
CRITICAL - 2024-10-25 04:20:49 --> Error: Class "App\Models\Usuario" not found
[Method: GET, Route: inicio]
in APPPATH/Controllers/Home.php on line 21.
 1 SYSTEMPATH/CodeIgniter.php(933): App\Controllers\Home->inicio()
 2 SYSTEMPATH/CodeIgniter.php(509): CodeIgniter\CodeIgniter->runController()
 3 SYSTEMPATH/CodeIgniter.php(355): CodeIgniter\CodeIgniter->handleRequest()
 4 SYSTEMPATH/Boot.php(325): CodeIgniter\CodeIgniter->run()
 5 SYSTEMPATH/Boot.php(67): CodeIgniter\Boot::runCodeIgniter()
 6 FCPATH/index.php(56): CodeIgniter\Boot::bootWeb()
CRITICAL - 2024-10-25 04:20:50 --> Error: Class "App\Models\Usuario" not found
[Method: GET, Route: inicio]
in APPPATH/Controllers/Home.php on line 21.
 1 SYSTEMPATH/CodeIgniter.php(933): App\Controllers\Home->inicio()
 2 SYSTEMPATH/CodeIgniter.php(509): CodeIgniter\CodeIgniter->runController()
 3 SYSTEMPATH/CodeIgniter.php(355): CodeIgniter\CodeIgniter->handleRequest()
 4 SYSTEMPATH/Boot.php(325): CodeIgniter\CodeIgniter->run()
 5 SYSTEMPATH/Boot.php(67): CodeIgniter\Boot::runCodeIgniter()
 6 FCPATH/index.php(56): CodeIgniter\Boot::bootWeb()
CRITICAL - 2024-10-25 04:26:52 --> Error: Class "App\Models\Persona" not found
[Method: GET, Route: inicio]
in APPPATH/Controllers/Home.php on line 21.
 1 SYSTEMPATH/CodeIgniter.php(933): App\Controllers\Home->inicio()
 2 SYSTEMPATH/CodeIgniter.php(509): CodeIgniter\CodeIgniter->runController()
 3 SYSTEMPATH/CodeIgniter.php(355): CodeIgniter\CodeIgniter->handleRequest()
 4 SYSTEMPATH/Boot.php(325): CodeIgniter\CodeIgniter->run()
 5 SYSTEMPATH/Boot.php(67): CodeIgniter\Boot::runCodeIgniter()
 6 FCPATH/index.php(56): CodeIgniter\Boot::bootWeb()
CRITICAL - 2024-10-25 04:36:38 --> Error: Call to a member function database() on null
[Method: GET, Route: inicio]
in APPPATH/Models/Persona.php on line 12.
 1 APPPATH/Controllers/Home.php(21): App\Models\Persona->__construct()
 2 SYSTEMPATH/CodeIgniter.php(933): App\Controllers\Home->inicio()
 3 SYSTEMPATH/CodeIgniter.php(509): CodeIgniter\CodeIgniter->runController()
 4 SYSTEMPATH/CodeIgniter.php(355): CodeIgniter\CodeIgniter->handleRequest()
 5 SYSTEMPATH/Boot.php(325): CodeIgniter\CodeIgniter->run()
 6 SYSTEMPATH/Boot.php(67): CodeIgniter\Boot::runCodeIgniter()
 7 FCPATH/index.php(56): CodeIgniter\Boot::bootWeb()
CRITICAL - 2024-10-25 04:40:20 --> Error: Call to a member function database() on null
[Method: GET, Route: inicio]
in APPPATH/Models/Persona.php on line 13.
 1 APPPATH/Controllers/Home.php(21): App\Models\Persona->__construct()
 2 SYSTEMPATH/CodeIgniter.php(933): App\Controllers\Home->inicio()
 3 SYSTEMPATH/CodeIgniter.php(509): CodeIgniter\CodeIgniter->runController()
 4 SYSTEMPATH/CodeIgniter.php(355): CodeIgniter\CodeIgniter->handleRequest()
 5 SYSTEMPATH/Boot.php(325): CodeIgniter\CodeIgniter->run()
 6 SYSTEMPATH/Boot.php(67): CodeIgniter\Boot::runCodeIgniter()
 7 FCPATH/index.php(56): CodeIgniter\Boot::bootWeb()
CRITICAL - 2024-10-25 04:42:25 --> Error: Call to undefined method CodeIgniter\Database\MySQLi\Connection::get_where()
[Method: GET, Route: inicio]
in APPPATH/Models/Persona.php on line 16.
 1 APPPATH/Controllers/Home.php(25): App\Models\Persona->get_usuario()
 2 SYSTEMPATH/CodeIgniter.php(933): App\Controllers\Home->inicio()
 3 SYSTEMPATH/CodeIgniter.php(509): CodeIgniter\CodeIgniter->runController()
 4 SYSTEMPATH/CodeIgniter.php(355): CodeIgniter\CodeIgniter->handleRequest()
 5 SYSTEMPATH/Boot.php(325): CodeIgniter\CodeIgniter->run()
 6 SYSTEMPATH/Boot.php(67): CodeIgniter\Boot::runCodeIgniter()
 7 FCPATH/index.php(56): CodeIgniter\Boot::bootWeb()
CRITICAL - 2024-10-25 05:09:15 --> Error: Call to undefined method CodeIgniter\Database\MySQLi\Connection::select()
[Method: GET, Route: inicio]
in APPPATH/Models/Persona.php on line 16.
 1 APPPATH/Controllers/Home.php(25): App\Models\Persona->get_usuario()
 2 SYSTEMPATH/CodeIgniter.php(933): App\Controllers\Home->inicio()
 3 SYSTEMPATH/CodeIgniter.php(509): CodeIgniter\CodeIgniter->runController()
 4 SYSTEMPATH/CodeIgniter.php(355): CodeIgniter\CodeIgniter->handleRequest()
 5 SYSTEMPATH/Boot.php(325): CodeIgniter\CodeIgniter->run()
 6 SYSTEMPATH/Boot.php(67): CodeIgniter\Boot::runCodeIgniter()
 7 FCPATH/index.php(56): CodeIgniter\Boot::bootWeb()
CRITICAL - 2024-10-25 05:13:35 --> Error: Call to undefined method CodeIgniter\Database\MySQLi\Connection::select()
[Method: GET, Route: inicio]
in APPPATH/Models/Persona.php on line 16.
 1 APPPATH/Controllers/Home.php(25): App\Models\Persona->get_usuario()
 2 SYSTEMPATH/CodeIgniter.php(933): App\Controllers\Home->inicio()
 3 SYSTEMPATH/CodeIgniter.php(509): CodeIgniter\CodeIgniter->runController()
 4 SYSTEMPATH/CodeIgniter.php(355): CodeIgniter\CodeIgniter->handleRequest()
 5 SYSTEMPATH/Boot.php(325): CodeIgniter\CodeIgniter->run()
 6 SYSTEMPATH/Boot.php(67): CodeIgniter\Boot::runCodeIgniter()
 7 FCPATH/index.php(56): CodeIgniter\Boot::bootWeb()
CRITICAL - 2024-10-25 05:15:05 --> Error: Call to undefined method CodeIgniter\Database\MySQLi\Connection::select()
[Method: GET, Route: inicio]
in APPPATH/Models/Persona.php on line 16.
 1 APPPATH/Controllers/Home.php(25): App\Models\Persona->get_usuario()
 2 SYSTEMPATH/CodeIgniter.php(933): App\Controllers\Home->inicio()
 3 SYSTEMPATH/CodeIgniter.php(509): CodeIgniter\CodeIgniter->runController()
 4 SYSTEMPATH/CodeIgniter.php(355): CodeIgniter\CodeIgniter->handleRequest()
 5 SYSTEMPATH/Boot.php(325): CodeIgniter\CodeIgniter->run()
 6 SYSTEMPATH/Boot.php(67): CodeIgniter\Boot::runCodeIgniter()
 7 FCPATH/index.php(56): CodeIgniter\Boot::bootWeb()
