CRITICAL - 2024-10-27 00:34:44 --> ErrorException: Undefined array key "genero_usuario"
[Method: GET, Route: inicio]
in APPPATH/Views/principal.php on line 377.
 1 APPPATH/Views/principal.php(377): CodeIgniter\Debug\Exceptions->errorHandler()
 2 SYSTEMPATH/View/View.php(234): include('/home/u437507083/domains/oscaralas.link/public_html/prosaludlab/app/Views/principal.php')
 3 SYSTEMPATH/View/View.php(237): CodeIgniter\View\View->CodeIgniter\View\{closure}()
 4 SYSTEMPATH/Common.php(1171): CodeIgniter\View\View->render()
 5 APPPATH/Controllers/Home.php(28): view()
 6 SYSTEMPATH/CodeIgniter.php(933): App\Controllers\Home->inicio()
 7 SYSTEMPATH/CodeIgniter.php(509): CodeIgniter\CodeIgniter->runController()
 8 SYSTEMPATH/CodeIgniter.php(355): CodeIgniter\CodeIgniter->handleRequest()
 9 SYSTEMPATH/Boot.php(325): CodeIgniter\CodeIgniter->run()
10 SYSTEMPATH/Boot.php(67): CodeIgniter\Boot::runCodeIgniter()
11 FCPATH/index.php(56): CodeIgniter\Boot::bootWeb()
CRITICAL - 2024-10-27 01:00:09 --> ArgumentCountError: Too few arguments to function App\Controllers\Home::inicio(), 0 passed in /home/u437507083/domains/oscaralas.link/public_html/prosaludlab/system/CodeIgniter.php on line 933 and exactly 2 expected
[Method: GET, Route: inicio]
in APPPATH/Controllers/Home.php on line 19.
 1 SYSTEMPATH/CodeIgniter.php(933): App\Controllers\Home->inicio()
 2 SYSTEMPATH/CodeIgniter.php(509): CodeIgniter\CodeIgniter->runController()
 3 SYSTEMPATH/CodeIgniter.php(355): CodeIgniter\CodeIgniter->handleRequest()
 4 SYSTEMPATH/Boot.php(325): CodeIgniter\CodeIgniter->run()
 5 SYSTEMPATH/Boot.php(67): CodeIgniter\Boot::runCodeIgniter()
 6 FCPATH/index.php(56): CodeIgniter\Boot::bootWeb()
CRITICAL - 2024-10-27 01:01:31 --> ArgumentCountError: Too few arguments to function App\Controllers\Home::inicio(), 0 passed in /home/u437507083/domains/oscaralas.link/public_html/prosaludlab/system/CodeIgniter.php on line 933 and exactly 2 expected
[Method: GET, Route: inicio]
in APPPATH/Controllers/Home.php on line 19.
 1 SYSTEMPATH/CodeIgniter.php(933): App\Controllers\Home->inicio()
 2 SYSTEMPATH/CodeIgniter.php(509): CodeIgniter\CodeIgniter->runController()
 3 SYSTEMPATH/CodeIgniter.php(355): CodeIgniter\CodeIgniter->handleRequest()
 4 SYSTEMPATH/Boot.php(325): CodeIgniter\CodeIgniter->run()
 5 SYSTEMPATH/Boot.php(67): CodeIgniter\Boot::runCodeIgniter()
 6 FCPATH/index.php(56): CodeIgniter\Boot::bootWeb()
CRITICAL - 2024-10-27 01:07:37 --> ArgumentCountError: Too few arguments to function App\Controllers\Home::inicio(), 0 passed in /home/u437507083/domains/oscaralas.link/public_html/prosaludlab/system/CodeIgniter.php on line 933 and exactly 2 expected
[Method: GET, Route: home/inicio]
in APPPATH/Controllers/Home.php on line 19.
 1 SYSTEMPATH/CodeIgniter.php(933): App\Controllers\Home->inicio()
 2 SYSTEMPATH/CodeIgniter.php(509): CodeIgniter\CodeIgniter->runController()
 3 SYSTEMPATH/CodeIgniter.php(355): CodeIgniter\CodeIgniter->handleRequest()
 4 SYSTEMPATH/Boot.php(325): CodeIgniter\CodeIgniter->run()
 5 SYSTEMPATH/Boot.php(67): CodeIgniter\Boot::runCodeIgniter()
 6 FCPATH/index.php(56): CodeIgniter\Boot::bootWeb()
CRITICAL - 2024-10-27 01:08:33 --> ArgumentCountError: Too few arguments to function App\Controllers\Home::inicio(), 0 passed in /home/u437507083/domains/oscaralas.link/public_html/prosaludlab/system/CodeIgniter.php on line 933 and exactly 2 expected
[Method: GET, Route: home/inicio]
in APPPATH/Controllers/Home.php on line 19.
 1 SYSTEMPATH/CodeIgniter.php(933): App\Controllers\Home->inicio()
 2 SYSTEMPATH/CodeIgniter.php(509): CodeIgniter\CodeIgniter->runController()
 3 SYSTEMPATH/CodeIgniter.php(355): CodeIgniter\CodeIgniter->handleRequest()
 4 SYSTEMPATH/Boot.php(325): CodeIgniter\CodeIgniter->run()
 5 SYSTEMPATH/Boot.php(67): CodeIgniter\Boot::runCodeIgniter()
 6 FCPATH/index.php(56): CodeIgniter\Boot::bootWeb()
CRITICAL - 2024-10-27 01:08:38 --> ArgumentCountError: Too few arguments to function App\Controllers\Home::inicio(), 0 passed in /home/u437507083/domains/oscaralas.link/public_html/prosaludlab/system/CodeIgniter.php on line 933 and exactly 2 expected
[Method: GET, Route: home/inicio]
in APPPATH/Controllers/Home.php on line 19.
 1 SYSTEMPATH/CodeIgniter.php(933): App\Controllers\Home->inicio()
 2 SYSTEMPATH/CodeIgniter.php(509): CodeIgniter\CodeIgniter->runController()
 3 SYSTEMPATH/CodeIgniter.php(355): CodeIgniter\CodeIgniter->handleRequest()
 4 SYSTEMPATH/Boot.php(325): CodeIgniter\CodeIgniter->run()
 5 SYSTEMPATH/Boot.php(67): CodeIgniter\Boot::runCodeIgniter()
 6 FCPATH/index.php(56): CodeIgniter\Boot::bootWeb()
CRITICAL - 2024-10-27 01:09:06 --> ArgumentCountError: Too few arguments to function App\Controllers\Home::inicio(), 0 passed in /home/u437507083/domains/oscaralas.link/public_html/prosaludlab/system/CodeIgniter.php on line 933 and exactly 2 expected
[Method: GET, Route: home/inicio]
in APPPATH/Controllers/Home.php on line 19.
 1 SYSTEMPATH/CodeIgniter.php(933): App\Controllers\Home->inicio()
 2 SYSTEMPATH/CodeIgniter.php(509): CodeIgniter\CodeIgniter->runController()
 3 SYSTEMPATH/CodeIgniter.php(355): CodeIgniter\CodeIgniter->handleRequest()
 4 SYSTEMPATH/Boot.php(325): CodeIgniter\CodeIgniter->run()
 5 SYSTEMPATH/Boot.php(67): CodeIgniter\Boot::runCodeIgniter()
 6 FCPATH/index.php(56): CodeIgniter\Boot::bootWeb()
CRITICAL - 2024-10-27 01:11:18 --> ArgumentCountError: Too few arguments to function App\Controllers\Home::inicio(), 0 passed in /home/u437507083/domains/oscaralas.link/public_html/prosaludlab/system/CodeIgniter.php on line 933 and exactly 2 expected
[Method: GET, Route: home/inicio]
in APPPATH/Controllers/Home.php on line 19.
 1 SYSTEMPATH/CodeIgniter.php(933): App\Controllers\Home->inicio()
 2 SYSTEMPATH/CodeIgniter.php(509): CodeIgniter\CodeIgniter->runController()
 3 SYSTEMPATH/CodeIgniter.php(355): CodeIgniter\CodeIgniter->handleRequest()
 4 SYSTEMPATH/Boot.php(325): CodeIgniter\CodeIgniter->run()
 5 SYSTEMPATH/Boot.php(67): CodeIgniter\Boot::runCodeIgniter()
 6 FCPATH/index.php(56): CodeIgniter\Boot::bootWeb()
CRITICAL - 2024-10-27 01:13:39 --> ArgumentCountError: Too few arguments to function App\Controllers\Home::inicio(), 0 passed in /home/u437507083/domains/oscaralas.link/public_html/prosaludlab/system/CodeIgniter.php on line 933 and exactly 2 expected
[Method: GET, Route: home/inicio]
in APPPATH/Controllers/Home.php on line 19.
 1 SYSTEMPATH/CodeIgniter.php(933): App\Controllers\Home->inicio()
 2 SYSTEMPATH/CodeIgniter.php(509): CodeIgniter\CodeIgniter->runController()
 3 SYSTEMPATH/CodeIgniter.php(355): CodeIgniter\CodeIgniter->handleRequest()
 4 SYSTEMPATH/Boot.php(325): CodeIgniter\CodeIgniter->run()
 5 SYSTEMPATH/Boot.php(67): CodeIgniter\Boot::runCodeIgniter()
 6 FCPATH/index.php(56): CodeIgniter\Boot::bootWeb()
CRITICAL - 2024-10-27 01:24:29 --> ArgumentCountError: Too few arguments to function App\Controllers\Home::inicio(), 0 passed in /home/u437507083/domains/oscaralas.link/public_html/prosaludlab/system/CodeIgniter.php on line 933 and exactly 2 expected
[Method: GET, Route: home/inicio]
in APPPATH/Controllers/Home.php on line 19.
 1 SYSTEMPATH/CodeIgniter.php(933): App\Controllers\Home->inicio()
 2 SYSTEMPATH/CodeIgniter.php(509): CodeIgniter\CodeIgniter->runController()
 3 SYSTEMPATH/CodeIgniter.php(355): CodeIgniter\CodeIgniter->handleRequest()
 4 SYSTEMPATH/Boot.php(325): CodeIgniter\CodeIgniter->run()
 5 SYSTEMPATH/Boot.php(67): CodeIgniter\Boot::runCodeIgniter()
 6 FCPATH/index.php(56): CodeIgniter\Boot::bootWeb()
CRITICAL - 2024-10-27 01:24:47 --> ArgumentCountError: Too few arguments to function App\Controllers\Home::inicio(), 0 passed in /home/u437507083/domains/oscaralas.link/public_html/prosaludlab/system/CodeIgniter.php on line 933 and exactly 2 expected
[Method: GET, Route: home/inicio]
in APPPATH/Controllers/Home.php on line 19.
 1 SYSTEMPATH/CodeIgniter.php(933): App\Controllers\Home->inicio()
 2 SYSTEMPATH/CodeIgniter.php(509): CodeIgniter\CodeIgniter->runController()
 3 SYSTEMPATH/CodeIgniter.php(355): CodeIgniter\CodeIgniter->handleRequest()
 4 SYSTEMPATH/Boot.php(325): CodeIgniter\CodeIgniter->run()
 5 SYSTEMPATH/Boot.php(67): CodeIgniter\Boot::runCodeIgniter()
 6 FCPATH/index.php(56): CodeIgniter\Boot::bootWeb()
CRITICAL - 2024-10-27 01:27:36 --> ArgumentCountError: Too few arguments to function App\Controllers\Home::inicio(), 0 passed in /home/u437507083/domains/oscaralas.link/public_html/prosaludlab/system/CodeIgniter.php on line 933 and exactly 2 expected
[Method: GET, Route: home/inicio]
in APPPATH/Controllers/Home.php on line 19.
 1 SYSTEMPATH/CodeIgniter.php(933): App\Controllers\Home->inicio()
 2 SYSTEMPATH/CodeIgniter.php(509): CodeIgniter\CodeIgniter->runController()
 3 SYSTEMPATH/CodeIgniter.php(355): CodeIgniter\CodeIgniter->handleRequest()
 4 SYSTEMPATH/Boot.php(325): CodeIgniter\CodeIgniter->run()
 5 SYSTEMPATH/Boot.php(67): CodeIgniter\Boot::runCodeIgniter()
 6 FCPATH/index.php(56): CodeIgniter\Boot::bootWeb()
CRITICAL - 2024-10-27 01:35:07 --> ArgumentCountError: Too few arguments to function App\Controllers\Home::inicio(), 0 passed in /home/u437507083/domains/oscaralas.link/public_html/prosaludlab/system/CodeIgniter.php on line 933 and exactly 2 expected
[Method: GET, Route: home/inicio]
in APPPATH/Controllers/Home.php on line 19.
 1 SYSTEMPATH/CodeIgniter.php(933): App\Controllers\Home->inicio()
 2 SYSTEMPATH/CodeIgniter.php(509): CodeIgniter\CodeIgniter->runController()
 3 SYSTEMPATH/CodeIgniter.php(355): CodeIgniter\CodeIgniter->handleRequest()
 4 SYSTEMPATH/Boot.php(325): CodeIgniter\CodeIgniter->run()
 5 SYSTEMPATH/Boot.php(67): CodeIgniter\Boot::runCodeIgniter()
 6 FCPATH/index.php(56): CodeIgniter\Boot::bootWeb()
CRITICAL - 2024-10-27 01:37:14 --> ArgumentCountError: Too few arguments to function App\Controllers\Home::inicio(), 0 passed in /home/u437507083/domains/oscaralas.link/public_html/prosaludlab/system/CodeIgniter.php on line 933 and exactly 2 expected
[Method: GET, Route: home/inicio]
in APPPATH/Controllers/Home.php on line 19.
 1 SYSTEMPATH/CodeIgniter.php(933): App\Controllers\Home->inicio()
 2 SYSTEMPATH/CodeIgniter.php(509): CodeIgniter\CodeIgniter->runController()
 3 SYSTEMPATH/CodeIgniter.php(355): CodeIgniter\CodeIgniter->handleRequest()
 4 SYSTEMPATH/Boot.php(325): CodeIgniter\CodeIgniter->run()
 5 SYSTEMPATH/Boot.php(67): CodeIgniter\Boot::runCodeIgniter()
 6 FCPATH/index.php(56): CodeIgniter\Boot::bootWeb()
CRITICAL - 2024-10-27 01:45:48 --> ArgumentCountError: Too few arguments to function App\Controllers\Home::inicio(), 0 passed in /home/u437507083/domains/oscaralas.link/public_html/prosaludlab/system/CodeIgniter.php on line 933 and exactly 2 expected
[Method: GET, Route: home/inicio]
in APPPATH/Controllers/Home.php on line 19.
 1 SYSTEMPATH/CodeIgniter.php(933): App\Controllers\Home->inicio()
 2 SYSTEMPATH/CodeIgniter.php(509): CodeIgniter\CodeIgniter->runController()
 3 SYSTEMPATH/CodeIgniter.php(355): CodeIgniter\CodeIgniter->handleRequest()
 4 SYSTEMPATH/Boot.php(325): CodeIgniter\CodeIgniter->run()
 5 SYSTEMPATH/Boot.php(67): CodeIgniter\Boot::runCodeIgniter()
 6 FCPATH/index.php(56): CodeIgniter\Boot::bootWeb()
CRITICAL - 2024-10-27 01:48:17 --> ArgumentCountError: Too few arguments to function App\Controllers\Home::inicio(), 0 passed in /home/u437507083/domains/oscaralas.link/public_html/prosaludlab/system/CodeIgniter.php on line 933 and exactly 2 expected
[Method: GET, Route: home/inicio]
in APPPATH/Controllers/Home.php on line 19.
 1 SYSTEMPATH/CodeIgniter.php(933): App\Controllers\Home->inicio()
 2 SYSTEMPATH/CodeIgniter.php(509): CodeIgniter\CodeIgniter->runController()
 3 SYSTEMPATH/CodeIgniter.php(355): CodeIgniter\CodeIgniter->handleRequest()
 4 SYSTEMPATH/Boot.php(325): CodeIgniter\CodeIgniter->run()
 5 SYSTEMPATH/Boot.php(67): CodeIgniter\Boot::runCodeIgniter()
 6 FCPATH/index.php(56): CodeIgniter\Boot::bootWeb()
CRITICAL - 2024-10-27 01:48:38 --> ErrorException: Undefined variable $usu_pass
[Method: GET, Route: home/inicio]
in APPPATH/Controllers/Home.php on line 35.
 1 APPPATH/Controllers/Home.php(35): CodeIgniter\Debug\Exceptions->errorHandler()
 2 SYSTEMPATH/CodeIgniter.php(933): App\Controllers\Home->inicio()
 3 SYSTEMPATH/CodeIgniter.php(509): CodeIgniter\CodeIgniter->runController()
 4 SYSTEMPATH/CodeIgniter.php(355): CodeIgniter\CodeIgniter->handleRequest()
 5 SYSTEMPATH/Boot.php(325): CodeIgniter\CodeIgniter->run()
 6 SYSTEMPATH/Boot.php(67): CodeIgniter\Boot::runCodeIgniter()
 7 FCPATH/index.php(56): CodeIgniter\Boot::bootWeb()
CRITICAL - 2024-10-27 01:49:37 --> ErrorException: Undefined variable $usu_iemail
[Method: GET, Route: home/inicio]
in APPPATH/Models/Persona.php on line 17.
 1 APPPATH/Models/Persona.php(17): CodeIgniter\Debug\Exceptions->errorHandler()
 2 APPPATH/Controllers/Home.php(35): App\Models\Persona->get_usuario()
 3 SYSTEMPATH/CodeIgniter.php(933): App\Controllers\Home->inicio()
 4 SYSTEMPATH/CodeIgniter.php(509): CodeIgniter\CodeIgniter->runController()
 5 SYSTEMPATH/CodeIgniter.php(355): CodeIgniter\CodeIgniter->handleRequest()
 6 SYSTEMPATH/Boot.php(325): CodeIgniter\CodeIgniter->run()
 7 SYSTEMPATH/Boot.php(67): CodeIgniter\Boot::runCodeIgniter()
 8 FCPATH/index.php(56): CodeIgniter\Boot::bootWeb()
ERROR - 2024-10-27 01:50:02 --> mysqli_sql_exception: You have an error in your SQL syntax; check the manual that corresponds to your MariaDB server version for the right syntax to use near 'AND pass =' at line 1 in /home/u437507083/domains/oscaralas.link/public_html/prosaludlab/system/Database/MySQLi/Connection.php:312
Stack trace:
#0 /home/u437507083/domains/oscaralas.link/public_html/prosaludlab/system/Database/MySQLi/Connection.php(312): mysqli->query()
#1 /home/u437507083/domains/oscaralas.link/public_html/prosaludlab/system/Database/BaseConnection.php(734): CodeIgniter\Database\MySQLi\Connection->execute()
#2 /home/u437507083/domains/oscaralas.link/public_html/prosaludlab/system/Database/BaseConnection.php(648): CodeIgniter\Database\BaseConnection->simpleQuery()
#3 /home/u437507083/domains/oscaralas.link/public_html/prosaludlab/app/Models/Persona.php(17): CodeIgniter\Database\BaseConnection->query()
#4 /home/u437507083/domains/oscaralas.link/public_html/prosaludlab/app/Controllers/Home.php(35): App\Models\Persona->get_usuario()
#5 /home/u437507083/domains/oscaralas.link/public_html/prosaludlab/system/CodeIgniter.php(933): App\Controllers\Home->inicio()
#6 /home/u437507083/domains/oscaralas.link/public_html/prosaludlab/system/CodeIgniter.php(509): CodeIgniter\CodeIgniter->runController()
#7 /home/u437507083/domains/oscaralas.link/public_html/prosaludlab/system/CodeIgniter.php(355): CodeIgniter\CodeIgniter->handleRequest()
#8 /home/u437507083/domains/oscaralas.link/public_html/prosaludlab/system/Boot.php(325): CodeIgniter\CodeIgniter->run()
#9 /home/u437507083/domains/oscaralas.link/public_html/prosaludlab/system/Boot.php(67): CodeIgniter\Boot::runCodeIgniter()
#10 /home/u437507083/domains/oscaralas.link/public_html/prosaludlab/public/index.php(56): CodeIgniter\Boot::bootWeb()
#11 {main}
CRITICAL - 2024-10-27 01:50:02 --> CodeIgniter\Database\Exceptions\DatabaseException: You have an error in your SQL syntax; check the manual that corresponds to your MariaDB server version for the right syntax to use near 'AND pass =' at line 1
[Method: GET, Route: home/inicio]
in SYSTEMPATH/Database/BaseConnection.php on line 688.
 1 APPPATH/Models/Persona.php(17): CodeIgniter\Database\BaseConnection->query()
 2 APPPATH/Controllers/Home.php(35): App\Models\Persona->get_usuario()
 3 SYSTEMPATH/CodeIgniter.php(933): App\Controllers\Home->inicio()
 4 SYSTEMPATH/CodeIgniter.php(509): CodeIgniter\CodeIgniter->runController()
 5 SYSTEMPATH/CodeIgniter.php(355): CodeIgniter\CodeIgniter->handleRequest()
 6 SYSTEMPATH/Boot.php(325): CodeIgniter\CodeIgniter->run()
 7 SYSTEMPATH/Boot.php(67): CodeIgniter\Boot::runCodeIgniter()
 8 FCPATH/index.php(56): CodeIgniter\Boot::bootWeb()
CRITICAL - 2024-10-27 01:50:02 --> [Caused by] CodeIgniter\Database\Exceptions\DatabaseException: You have an error in your SQL syntax; check the manual that corresponds to your MariaDB server version for the right syntax to use near 'AND pass =' at line 1
in SYSTEMPATH/Database/MySQLi/Connection.php on line 317.
 1 SYSTEMPATH/Database/BaseConnection.php(734): CodeIgniter\Database\MySQLi\Connection->execute()
 2 SYSTEMPATH/Database/BaseConnection.php(648): CodeIgniter\Database\BaseConnection->simpleQuery()
 3 APPPATH/Models/Persona.php(17): CodeIgniter\Database\BaseConnection->query()
 4 APPPATH/Controllers/Home.php(35): App\Models\Persona->get_usuario()
 5 SYSTEMPATH/CodeIgniter.php(933): App\Controllers\Home->inicio()
 6 SYSTEMPATH/CodeIgniter.php(509): CodeIgniter\CodeIgniter->runController()
 7 SYSTEMPATH/CodeIgniter.php(355): CodeIgniter\CodeIgniter->handleRequest()
 8 SYSTEMPATH/Boot.php(325): CodeIgniter\CodeIgniter->run()
 9 SYSTEMPATH/Boot.php(67): CodeIgniter\Boot::runCodeIgniter()
10 FCPATH/index.php(56): CodeIgniter\Boot::bootWeb()
CRITICAL - 2024-10-27 01:50:02 --> [Caused by] mysqli_sql_exception: You have an error in your SQL syntax; check the manual that corresponds to your MariaDB server version for the right syntax to use near 'AND pass =' at line 1
in SYSTEMPATH/Database/MySQLi/Connection.php on line 312.
 1 SYSTEMPATH/Database/MySQLi/Connection.php(312): mysqli->query()
 2 SYSTEMPATH/Database/BaseConnection.php(734): CodeIgniter\Database\MySQLi\Connection->execute()
 3 SYSTEMPATH/Database/BaseConnection.php(648): CodeIgniter\Database\BaseConnection->simpleQuery()
 4 APPPATH/Models/Persona.php(17): CodeIgniter\Database\BaseConnection->query()
 5 APPPATH/Controllers/Home.php(35): App\Models\Persona->get_usuario()
 6 SYSTEMPATH/CodeIgniter.php(933): App\Controllers\Home->inicio()
 7 SYSTEMPATH/CodeIgniter.php(509): CodeIgniter\CodeIgniter->runController()
 8 SYSTEMPATH/CodeIgniter.php(355): CodeIgniter\CodeIgniter->handleRequest()
 9 SYSTEMPATH/Boot.php(325): CodeIgniter\CodeIgniter->run()
10 SYSTEMPATH/Boot.php(67): CodeIgniter\Boot::runCodeIgniter()
11 FCPATH/index.php(56): CodeIgniter\Boot::bootWeb()
ERROR - 2024-10-27 01:50:53 --> mysqli_sql_exception: You have an error in your SQL syntax; check the manual that corresponds to your MariaDB server version for the right syntax to use near '@gmail.com AND pass = 12345' at line 1 in /home/u437507083/domains/oscaralas.link/public_html/prosaludlab/system/Database/MySQLi/Connection.php:312
Stack trace:
#0 /home/u437507083/domains/oscaralas.link/public_html/prosaludlab/system/Database/MySQLi/Connection.php(312): mysqli->query()
#1 /home/u437507083/domains/oscaralas.link/public_html/prosaludlab/system/Database/BaseConnection.php(734): CodeIgniter\Database\MySQLi\Connection->execute()
#2 /home/u437507083/domains/oscaralas.link/public_html/prosaludlab/system/Database/BaseConnection.php(648): CodeIgniter\Database\BaseConnection->simpleQuery()
#3 /home/u437507083/domains/oscaralas.link/public_html/prosaludlab/app/Models/Persona.php(17): CodeIgniter\Database\BaseConnection->query()
#4 /home/u437507083/domains/oscaralas.link/public_html/prosaludlab/app/Controllers/Home.php(35): App\Models\Persona->get_usuario()
#5 /home/u437507083/domains/oscaralas.link/public_html/prosaludlab/system/CodeIgniter.php(933): App\Controllers\Home->inicio()
#6 /home/u437507083/domains/oscaralas.link/public_html/prosaludlab/system/CodeIgniter.php(509): CodeIgniter\CodeIgniter->runController()
#7 /home/u437507083/domains/oscaralas.link/public_html/prosaludlab/system/CodeIgniter.php(355): CodeIgniter\CodeIgniter->handleRequest()
#8 /home/u437507083/domains/oscaralas.link/public_html/prosaludlab/system/Boot.php(325): CodeIgniter\CodeIgniter->run()
#9 /home/u437507083/domains/oscaralas.link/public_html/prosaludlab/system/Boot.php(67): CodeIgniter\Boot::runCodeIgniter()
#10 /home/u437507083/domains/oscaralas.link/public_html/prosaludlab/public/index.php(56): CodeIgniter\Boot::bootWeb()
#11 {main}
CRITICAL - 2024-10-27 01:50:53 --> CodeIgniter\Database\Exceptions\DatabaseException: You have an error in your SQL syntax; check the manual that corresponds to your MariaDB server version for the right syntax to use near '@gmail.com AND pass = 12345' at line 1
[Method: GET, Route: home/inicio]
in SYSTEMPATH/Database/BaseConnection.php on line 688.
 1 APPPATH/Models/Persona.php(17): CodeIgniter\Database\BaseConnection->query()
 2 APPPATH/Controllers/Home.php(35): App\Models\Persona->get_usuario()
 3 SYSTEMPATH/CodeIgniter.php(933): App\Controllers\Home->inicio()
 4 SYSTEMPATH/CodeIgniter.php(509): CodeIgniter\CodeIgniter->runController()
 5 SYSTEMPATH/CodeIgniter.php(355): CodeIgniter\CodeIgniter->handleRequest()
 6 SYSTEMPATH/Boot.php(325): CodeIgniter\CodeIgniter->run()
 7 SYSTEMPATH/Boot.php(67): CodeIgniter\Boot::runCodeIgniter()
 8 FCPATH/index.php(56): CodeIgniter\Boot::bootWeb()
CRITICAL - 2024-10-27 01:50:53 --> [Caused by] CodeIgniter\Database\Exceptions\DatabaseException: You have an error in your SQL syntax; check the manual that corresponds to your MariaDB server version for the right syntax to use near '@gmail.com AND pass = 12345' at line 1
in SYSTEMPATH/Database/MySQLi/Connection.php on line 317.
 1 SYSTEMPATH/Database/BaseConnection.php(734): CodeIgniter\Database\MySQLi\Connection->execute()
 2 SYSTEMPATH/Database/BaseConnection.php(648): CodeIgniter\Database\BaseConnection->simpleQuery()
 3 APPPATH/Models/Persona.php(17): CodeIgniter\Database\BaseConnection->query()
 4 APPPATH/Controllers/Home.php(35): App\Models\Persona->get_usuario()
 5 SYSTEMPATH/CodeIgniter.php(933): App\Controllers\Home->inicio()
 6 SYSTEMPATH/CodeIgniter.php(509): CodeIgniter\CodeIgniter->runController()
 7 SYSTEMPATH/CodeIgniter.php(355): CodeIgniter\CodeIgniter->handleRequest()
 8 SYSTEMPATH/Boot.php(325): CodeIgniter\CodeIgniter->run()
 9 SYSTEMPATH/Boot.php(67): CodeIgniter\Boot::runCodeIgniter()
10 FCPATH/index.php(56): CodeIgniter\Boot::bootWeb()
CRITICAL - 2024-10-27 01:50:53 --> [Caused by] mysqli_sql_exception: You have an error in your SQL syntax; check the manual that corresponds to your MariaDB server version for the right syntax to use near '@gmail.com AND pass = 12345' at line 1
in SYSTEMPATH/Database/MySQLi/Connection.php on line 312.
 1 SYSTEMPATH/Database/MySQLi/Connection.php(312): mysqli->query()
 2 SYSTEMPATH/Database/BaseConnection.php(734): CodeIgniter\Database\MySQLi\Connection->execute()
 3 SYSTEMPATH/Database/BaseConnection.php(648): CodeIgniter\Database\BaseConnection->simpleQuery()
 4 APPPATH/Models/Persona.php(17): CodeIgniter\Database\BaseConnection->query()
 5 APPPATH/Controllers/Home.php(35): App\Models\Persona->get_usuario()
 6 SYSTEMPATH/CodeIgniter.php(933): App\Controllers\Home->inicio()
 7 SYSTEMPATH/CodeIgniter.php(509): CodeIgniter\CodeIgniter->runController()
 8 SYSTEMPATH/CodeIgniter.php(355): CodeIgniter\CodeIgniter->handleRequest()
 9 SYSTEMPATH/Boot.php(325): CodeIgniter\CodeIgniter->run()
10 SYSTEMPATH/Boot.php(67): CodeIgniter\Boot::runCodeIgniter()
11 FCPATH/index.php(56): CodeIgniter\Boot::bootWeb()
ERROR - 2024-10-27 01:54:55 --> mysqli_sql_exception: You have an error in your SQL syntax; check the manual that corresponds to your MariaDB server version for the right syntax to use near '@gmail.com AND usu_contrasena = 12345' at line 1 in /home/u437507083/domains/oscaralas.link/public_html/prosaludlab/system/Database/MySQLi/Connection.php:312
Stack trace:
#0 /home/u437507083/domains/oscaralas.link/public_html/prosaludlab/system/Database/MySQLi/Connection.php(312): mysqli->query()
#1 /home/u437507083/domains/oscaralas.link/public_html/prosaludlab/system/Database/BaseConnection.php(734): CodeIgniter\Database\MySQLi\Connection->execute()
#2 /home/u437507083/domains/oscaralas.link/public_html/prosaludlab/system/Database/BaseConnection.php(648): CodeIgniter\Database\BaseConnection->simpleQuery()
#3 /home/u437507083/domains/oscaralas.link/public_html/prosaludlab/app/Models/Persona.php(17): CodeIgniter\Database\BaseConnection->query()
#4 /home/u437507083/domains/oscaralas.link/public_html/prosaludlab/app/Controllers/Home.php(35): App\Models\Persona->get_usuario()
#5 /home/u437507083/domains/oscaralas.link/public_html/prosaludlab/system/CodeIgniter.php(933): App\Controllers\Home->inicio()
#6 /home/u437507083/domains/oscaralas.link/public_html/prosaludlab/system/CodeIgniter.php(509): CodeIgniter\CodeIgniter->runController()
#7 /home/u437507083/domains/oscaralas.link/public_html/prosaludlab/system/CodeIgniter.php(355): CodeIgniter\CodeIgniter->handleRequest()
#8 /home/u437507083/domains/oscaralas.link/public_html/prosaludlab/system/Boot.php(325): CodeIgniter\CodeIgniter->run()
#9 /home/u437507083/domains/oscaralas.link/public_html/prosaludlab/system/Boot.php(67): CodeIgniter\Boot::runCodeIgniter()
#10 /home/u437507083/domains/oscaralas.link/public_html/prosaludlab/public/index.php(56): CodeIgniter\Boot::bootWeb()
#11 {main}
CRITICAL - 2024-10-27 01:54:55 --> CodeIgniter\Database\Exceptions\DatabaseException: You have an error in your SQL syntax; check the manual that corresponds to your MariaDB server version for the right syntax to use near '@gmail.com AND usu_contrasena = 12345' at line 1
[Method: GET, Route: home/inicio]
in SYSTEMPATH/Database/BaseConnection.php on line 688.
 1 APPPATH/Models/Persona.php(17): CodeIgniter\Database\BaseConnection->query()
 2 APPPATH/Controllers/Home.php(35): App\Models\Persona->get_usuario()
 3 SYSTEMPATH/CodeIgniter.php(933): App\Controllers\Home->inicio()
 4 SYSTEMPATH/CodeIgniter.php(509): CodeIgniter\CodeIgniter->runController()
 5 SYSTEMPATH/CodeIgniter.php(355): CodeIgniter\CodeIgniter->handleRequest()
 6 SYSTEMPATH/Boot.php(325): CodeIgniter\CodeIgniter->run()
 7 SYSTEMPATH/Boot.php(67): CodeIgniter\Boot::runCodeIgniter()
 8 FCPATH/index.php(56): CodeIgniter\Boot::bootWeb()
CRITICAL - 2024-10-27 01:54:55 --> [Caused by] CodeIgniter\Database\Exceptions\DatabaseException: You have an error in your SQL syntax; check the manual that corresponds to your MariaDB server version for the right syntax to use near '@gmail.com AND usu_contrasena = 12345' at line 1
in SYSTEMPATH/Database/MySQLi/Connection.php on line 317.
 1 SYSTEMPATH/Database/BaseConnection.php(734): CodeIgniter\Database\MySQLi\Connection->execute()
 2 SYSTEMPATH/Database/BaseConnection.php(648): CodeIgniter\Database\BaseConnection->simpleQuery()
 3 APPPATH/Models/Persona.php(17): CodeIgniter\Database\BaseConnection->query()
 4 APPPATH/Controllers/Home.php(35): App\Models\Persona->get_usuario()
 5 SYSTEMPATH/CodeIgniter.php(933): App\Controllers\Home->inicio()
 6 SYSTEMPATH/CodeIgniter.php(509): CodeIgniter\CodeIgniter->runController()
 7 SYSTEMPATH/CodeIgniter.php(355): CodeIgniter\CodeIgniter->handleRequest()
 8 SYSTEMPATH/Boot.php(325): CodeIgniter\CodeIgniter->run()
 9 SYSTEMPATH/Boot.php(67): CodeIgniter\Boot::runCodeIgniter()
10 FCPATH/index.php(56): CodeIgniter\Boot::bootWeb()
CRITICAL - 2024-10-27 01:54:55 --> [Caused by] mysqli_sql_exception: You have an error in your SQL syntax; check the manual that corresponds to your MariaDB server version for the right syntax to use near '@gmail.com AND usu_contrasena = 12345' at line 1
in SYSTEMPATH/Database/MySQLi/Connection.php on line 312.
 1 SYSTEMPATH/Database/MySQLi/Connection.php(312): mysqli->query()
 2 SYSTEMPATH/Database/BaseConnection.php(734): CodeIgniter\Database\MySQLi\Connection->execute()
 3 SYSTEMPATH/Database/BaseConnection.php(648): CodeIgniter\Database\BaseConnection->simpleQuery()
 4 APPPATH/Models/Persona.php(17): CodeIgniter\Database\BaseConnection->query()
 5 APPPATH/Controllers/Home.php(35): App\Models\Persona->get_usuario()
 6 SYSTEMPATH/CodeIgniter.php(933): App\Controllers\Home->inicio()
 7 SYSTEMPATH/CodeIgniter.php(509): CodeIgniter\CodeIgniter->runController()
 8 SYSTEMPATH/CodeIgniter.php(355): CodeIgniter\CodeIgniter->handleRequest()
 9 SYSTEMPATH/Boot.php(325): CodeIgniter\CodeIgniter->run()
10 SYSTEMPATH/Boot.php(67): CodeIgniter\Boot::runCodeIgniter()
11 FCPATH/index.php(56): CodeIgniter\Boot::bootWeb()
ERROR - 2024-10-27 01:58:07 --> mysqli_sql_exception: You have an error in your SQL syntax; check the manual that corresponds to your MariaDB server version for the right syntax to use near '@gmail.com AND usu_contrasena = 12345' at line 1 in /home/u437507083/domains/oscaralas.link/public_html/prosaludlab/system/Database/MySQLi/Connection.php:312
Stack trace:
#0 /home/u437507083/domains/oscaralas.link/public_html/prosaludlab/system/Database/MySQLi/Connection.php(312): mysqli->query()
#1 /home/u437507083/domains/oscaralas.link/public_html/prosaludlab/system/Database/BaseConnection.php(734): CodeIgniter\Database\MySQLi\Connection->execute()
#2 /home/u437507083/domains/oscaralas.link/public_html/prosaludlab/system/Database/BaseConnection.php(648): CodeIgniter\Database\BaseConnection->simpleQuery()
#3 /home/u437507083/domains/oscaralas.link/public_html/prosaludlab/app/Models/Persona.php(17): CodeIgniter\Database\BaseConnection->query()
#4 /home/u437507083/domains/oscaralas.link/public_html/prosaludlab/app/Controllers/Home.php(35): App\Models\Persona->get_usuario()
#5 /home/u437507083/domains/oscaralas.link/public_html/prosaludlab/system/CodeIgniter.php(933): App\Controllers\Home->inicio()
#6 /home/u437507083/domains/oscaralas.link/public_html/prosaludlab/system/CodeIgniter.php(509): CodeIgniter\CodeIgniter->runController()
#7 /home/u437507083/domains/oscaralas.link/public_html/prosaludlab/system/CodeIgniter.php(355): CodeIgniter\CodeIgniter->handleRequest()
#8 /home/u437507083/domains/oscaralas.link/public_html/prosaludlab/system/Boot.php(325): CodeIgniter\CodeIgniter->run()
#9 /home/u437507083/domains/oscaralas.link/public_html/prosaludlab/system/Boot.php(67): CodeIgniter\Boot::runCodeIgniter()
#10 /home/u437507083/domains/oscaralas.link/public_html/prosaludlab/public/index.php(56): CodeIgniter\Boot::bootWeb()
#11 {main}
CRITICAL - 2024-10-27 01:58:07 --> CodeIgniter\Database\Exceptions\DatabaseException: You have an error in your SQL syntax; check the manual that corresponds to your MariaDB server version for the right syntax to use near '@gmail.com AND usu_contrasena = 12345' at line 1
[Method: GET, Route: home/inicio]
in SYSTEMPATH/Database/BaseConnection.php on line 688.
 1 APPPATH/Models/Persona.php(17): CodeIgniter\Database\BaseConnection->query()
 2 APPPATH/Controllers/Home.php(35): App\Models\Persona->get_usuario()
 3 SYSTEMPATH/CodeIgniter.php(933): App\Controllers\Home->inicio()
 4 SYSTEMPATH/CodeIgniter.php(509): CodeIgniter\CodeIgniter->runController()
 5 SYSTEMPATH/CodeIgniter.php(355): CodeIgniter\CodeIgniter->handleRequest()
 6 SYSTEMPATH/Boot.php(325): CodeIgniter\CodeIgniter->run()
 7 SYSTEMPATH/Boot.php(67): CodeIgniter\Boot::runCodeIgniter()
 8 FCPATH/index.php(56): CodeIgniter\Boot::bootWeb()
CRITICAL - 2024-10-27 01:58:07 --> [Caused by] CodeIgniter\Database\Exceptions\DatabaseException: You have an error in your SQL syntax; check the manual that corresponds to your MariaDB server version for the right syntax to use near '@gmail.com AND usu_contrasena = 12345' at line 1
in SYSTEMPATH/Database/MySQLi/Connection.php on line 317.
 1 SYSTEMPATH/Database/BaseConnection.php(734): CodeIgniter\Database\MySQLi\Connection->execute()
 2 SYSTEMPATH/Database/BaseConnection.php(648): CodeIgniter\Database\BaseConnection->simpleQuery()
 3 APPPATH/Models/Persona.php(17): CodeIgniter\Database\BaseConnection->query()
 4 APPPATH/Controllers/Home.php(35): App\Models\Persona->get_usuario()
 5 SYSTEMPATH/CodeIgniter.php(933): App\Controllers\Home->inicio()
 6 SYSTEMPATH/CodeIgniter.php(509): CodeIgniter\CodeIgniter->runController()
 7 SYSTEMPATH/CodeIgniter.php(355): CodeIgniter\CodeIgniter->handleRequest()
 8 SYSTEMPATH/Boot.php(325): CodeIgniter\CodeIgniter->run()
 9 SYSTEMPATH/Boot.php(67): CodeIgniter\Boot::runCodeIgniter()
10 FCPATH/index.php(56): CodeIgniter\Boot::bootWeb()
CRITICAL - 2024-10-27 01:58:07 --> [Caused by] mysqli_sql_exception: You have an error in your SQL syntax; check the manual that corresponds to your MariaDB server version for the right syntax to use near '@gmail.com AND usu_contrasena = 12345' at line 1
in SYSTEMPATH/Database/MySQLi/Connection.php on line 312.
 1 SYSTEMPATH/Database/MySQLi/Connection.php(312): mysqli->query()
 2 SYSTEMPATH/Database/BaseConnection.php(734): CodeIgniter\Database\MySQLi\Connection->execute()
 3 SYSTEMPATH/Database/BaseConnection.php(648): CodeIgniter\Database\BaseConnection->simpleQuery()
 4 APPPATH/Models/Persona.php(17): CodeIgniter\Database\BaseConnection->query()
 5 APPPATH/Controllers/Home.php(35): App\Models\Persona->get_usuario()
 6 SYSTEMPATH/CodeIgniter.php(933): App\Controllers\Home->inicio()
 7 SYSTEMPATH/CodeIgniter.php(509): CodeIgniter\CodeIgniter->runController()
 8 SYSTEMPATH/CodeIgniter.php(355): CodeIgniter\CodeIgniter->handleRequest()
 9 SYSTEMPATH/Boot.php(325): CodeIgniter\CodeIgniter->run()
10 SYSTEMPATH/Boot.php(67): CodeIgniter\Boot::runCodeIgniter()
11 FCPATH/index.php(56): CodeIgniter\Boot::bootWeb()
ERROR - 2024-10-27 01:58:27 --> mysqli_sql_exception: You have an error in your SQL syntax; check the manual that corresponds to your MariaDB server version for the right syntax to use near '@gmail.com AND usu_contrasena = 12345' at line 1 in /home/u437507083/domains/oscaralas.link/public_html/prosaludlab/system/Database/MySQLi/Connection.php:312
Stack trace:
#0 /home/u437507083/domains/oscaralas.link/public_html/prosaludlab/system/Database/MySQLi/Connection.php(312): mysqli->query()
#1 /home/u437507083/domains/oscaralas.link/public_html/prosaludlab/system/Database/BaseConnection.php(734): CodeIgniter\Database\MySQLi\Connection->execute()
#2 /home/u437507083/domains/oscaralas.link/public_html/prosaludlab/system/Database/BaseConnection.php(648): CodeIgniter\Database\BaseConnection->simpleQuery()
#3 /home/u437507083/domains/oscaralas.link/public_html/prosaludlab/app/Models/Persona.php(17): CodeIgniter\Database\BaseConnection->query()
#4 /home/u437507083/domains/oscaralas.link/public_html/prosaludlab/app/Controllers/Home.php(35): App\Models\Persona->get_usuario()
#5 /home/u437507083/domains/oscaralas.link/public_html/prosaludlab/system/CodeIgniter.php(933): App\Controllers\Home->inicio()
#6 /home/u437507083/domains/oscaralas.link/public_html/prosaludlab/system/CodeIgniter.php(509): CodeIgniter\CodeIgniter->runController()
#7 /home/u437507083/domains/oscaralas.link/public_html/prosaludlab/system/CodeIgniter.php(355): CodeIgniter\CodeIgniter->handleRequest()
#8 /home/u437507083/domains/oscaralas.link/public_html/prosaludlab/system/Boot.php(325): CodeIgniter\CodeIgniter->run()
#9 /home/u437507083/domains/oscaralas.link/public_html/prosaludlab/system/Boot.php(67): CodeIgniter\Boot::runCodeIgniter()
#10 /home/u437507083/domains/oscaralas.link/public_html/prosaludlab/public/index.php(56): CodeIgniter\Boot::bootWeb()
#11 {main}
CRITICAL - 2024-10-27 01:58:27 --> CodeIgniter\Database\Exceptions\DatabaseException: You have an error in your SQL syntax; check the manual that corresponds to your MariaDB server version for the right syntax to use near '@gmail.com AND usu_contrasena = 12345' at line 1
[Method: GET, Route: home/inicio]
in SYSTEMPATH/Database/BaseConnection.php on line 688.
 1 APPPATH/Models/Persona.php(17): CodeIgniter\Database\BaseConnection->query()
 2 APPPATH/Controllers/Home.php(35): App\Models\Persona->get_usuario()
 3 SYSTEMPATH/CodeIgniter.php(933): App\Controllers\Home->inicio()
 4 SYSTEMPATH/CodeIgniter.php(509): CodeIgniter\CodeIgniter->runController()
 5 SYSTEMPATH/CodeIgniter.php(355): CodeIgniter\CodeIgniter->handleRequest()
 6 SYSTEMPATH/Boot.php(325): CodeIgniter\CodeIgniter->run()
 7 SYSTEMPATH/Boot.php(67): CodeIgniter\Boot::runCodeIgniter()
 8 FCPATH/index.php(56): CodeIgniter\Boot::bootWeb()
CRITICAL - 2024-10-27 01:58:27 --> [Caused by] CodeIgniter\Database\Exceptions\DatabaseException: You have an error in your SQL syntax; check the manual that corresponds to your MariaDB server version for the right syntax to use near '@gmail.com AND usu_contrasena = 12345' at line 1
in SYSTEMPATH/Database/MySQLi/Connection.php on line 317.
 1 SYSTEMPATH/Database/BaseConnection.php(734): CodeIgniter\Database\MySQLi\Connection->execute()
 2 SYSTEMPATH/Database/BaseConnection.php(648): CodeIgniter\Database\BaseConnection->simpleQuery()
 3 APPPATH/Models/Persona.php(17): CodeIgniter\Database\BaseConnection->query()
 4 APPPATH/Controllers/Home.php(35): App\Models\Persona->get_usuario()
 5 SYSTEMPATH/CodeIgniter.php(933): App\Controllers\Home->inicio()
 6 SYSTEMPATH/CodeIgniter.php(509): CodeIgniter\CodeIgniter->runController()
 7 SYSTEMPATH/CodeIgniter.php(355): CodeIgniter\CodeIgniter->handleRequest()
 8 SYSTEMPATH/Boot.php(325): CodeIgniter\CodeIgniter->run()
 9 SYSTEMPATH/Boot.php(67): CodeIgniter\Boot::runCodeIgniter()
10 FCPATH/index.php(56): CodeIgniter\Boot::bootWeb()
CRITICAL - 2024-10-27 01:58:27 --> [Caused by] mysqli_sql_exception: You have an error in your SQL syntax; check the manual that corresponds to your MariaDB server version for the right syntax to use near '@gmail.com AND usu_contrasena = 12345' at line 1
in SYSTEMPATH/Database/MySQLi/Connection.php on line 312.
 1 SYSTEMPATH/Database/MySQLi/Connection.php(312): mysqli->query()
 2 SYSTEMPATH/Database/BaseConnection.php(734): CodeIgniter\Database\MySQLi\Connection->execute()
 3 SYSTEMPATH/Database/BaseConnection.php(648): CodeIgniter\Database\BaseConnection->simpleQuery()
 4 APPPATH/Models/Persona.php(17): CodeIgniter\Database\BaseConnection->query()
 5 APPPATH/Controllers/Home.php(35): App\Models\Persona->get_usuario()
 6 SYSTEMPATH/CodeIgniter.php(933): App\Controllers\Home->inicio()
 7 SYSTEMPATH/CodeIgniter.php(509): CodeIgniter\CodeIgniter->runController()
 8 SYSTEMPATH/CodeIgniter.php(355): CodeIgniter\CodeIgniter->handleRequest()
 9 SYSTEMPATH/Boot.php(325): CodeIgniter\CodeIgniter->run()
10 SYSTEMPATH/Boot.php(67): CodeIgniter\Boot::runCodeIgniter()
11 FCPATH/index.php(56): CodeIgniter\Boot::bootWeb()
CRITICAL - 2024-10-27 02:18:14 --> ParseError: syntax error, unexpected variable "$result"
[Method: GET, Route: home/inicio]
in APPPATH/Models/Persona.php on line 26.
 1 SYSTEMPATH/Autoloader/Autoloader.php(296): CodeIgniter\Autoloader\Autoloader->includeFile()
 2 SYSTEMPATH/Autoloader/Autoloader.php(272): CodeIgniter\Autoloader\Autoloader->loadInNamespace()
 3 APPPATH/Controllers/Home.php(32): CodeIgniter\Autoloader\Autoloader->loadClass()
 4 SYSTEMPATH/CodeIgniter.php(933): App\Controllers\Home->inicio()
 5 SYSTEMPATH/CodeIgniter.php(509): CodeIgniter\CodeIgniter->runController()
 6 SYSTEMPATH/CodeIgniter.php(355): CodeIgniter\CodeIgniter->handleRequest()
 7 SYSTEMPATH/Boot.php(325): CodeIgniter\CodeIgniter->run()
 8 SYSTEMPATH/Boot.php(67): CodeIgniter\Boot::runCodeIgniter()
 9 FCPATH/index.php(56): CodeIgniter\Boot::bootWeb()
CRITICAL - 2024-10-27 02:18:44 --> Error: Call to undefined method CodeIgniter\Database\MySQLi\Connection::where()
[Method: GET, Route: home/inicio]
in APPPATH/Models/Persona.php on line 20.
 1 APPPATH/Controllers/Home.php(35): App\Models\Persona->get_usuario()
 2 SYSTEMPATH/CodeIgniter.php(933): App\Controllers\Home->inicio()
 3 SYSTEMPATH/CodeIgniter.php(509): CodeIgniter\CodeIgniter->runController()
 4 SYSTEMPATH/CodeIgniter.php(355): CodeIgniter\CodeIgniter->handleRequest()
 5 SYSTEMPATH/Boot.php(325): CodeIgniter\CodeIgniter->run()
 6 SYSTEMPATH/Boot.php(67): CodeIgniter\Boot::runCodeIgniter()
 7 FCPATH/index.php(56): CodeIgniter\Boot::bootWeb()
CRITICAL - 2024-10-27 02:25:03 --> ErrorException: Undefined variable $usu_pass
[Method: GET, Route: home/inicio]
in APPPATH/Models/Persona.php on line 17.
 1 APPPATH/Models/Persona.php(17): CodeIgniter\Debug\Exceptions->errorHandler()
 2 APPPATH/Controllers/Home.php(35): App\Models\Persona->get_usuario()
 3 SYSTEMPATH/CodeIgniter.php(933): App\Controllers\Home->inicio()
 4 SYSTEMPATH/CodeIgniter.php(509): CodeIgniter\CodeIgniter->runController()
 5 SYSTEMPATH/CodeIgniter.php(355): CodeIgniter\CodeIgniter->handleRequest()
 6 SYSTEMPATH/Boot.php(325): CodeIgniter\CodeIgniter->run()
 7 SYSTEMPATH/Boot.php(67): CodeIgniter\Boot::runCodeIgniter()
 8 FCPATH/index.php(56): CodeIgniter\Boot::bootWeb()
CRITICAL - 2024-10-27 02:25:22 --> ErrorException: Undefined variable $usu_pass
[Method: GET, Route: home/inicio]
in APPPATH/Models/Persona.php on line 17.
 1 APPPATH/Models/Persona.php(17): CodeIgniter\Debug\Exceptions->errorHandler()
 2 APPPATH/Controllers/Home.php(35): App\Models\Persona->get_usuario()
 3 SYSTEMPATH/CodeIgniter.php(933): App\Controllers\Home->inicio()
 4 SYSTEMPATH/CodeIgniter.php(509): CodeIgniter\CodeIgniter->runController()
 5 SYSTEMPATH/CodeIgniter.php(355): CodeIgniter\CodeIgniter->handleRequest()
 6 SYSTEMPATH/Boot.php(325): CodeIgniter\CodeIgniter->run()
 7 SYSTEMPATH/Boot.php(67): CodeIgniter\Boot::runCodeIgniter()
 8 FCPATH/index.php(56): CodeIgniter\Boot::bootWeb()
CRITICAL - 2024-10-27 02:25:24 --> ErrorException: Undefined variable $usu_pass
[Method: GET, Route: home/inicio]
in APPPATH/Models/Persona.php on line 17.
 1 APPPATH/Models/Persona.php(17): CodeIgniter\Debug\Exceptions->errorHandler()
 2 APPPATH/Controllers/Home.php(35): App\Models\Persona->get_usuario()
 3 SYSTEMPATH/CodeIgniter.php(933): App\Controllers\Home->inicio()
 4 SYSTEMPATH/CodeIgniter.php(509): CodeIgniter\CodeIgniter->runController()
 5 SYSTEMPATH/CodeIgniter.php(355): CodeIgniter\CodeIgniter->handleRequest()
 6 SYSTEMPATH/Boot.php(325): CodeIgniter\CodeIgniter->run()
 7 SYSTEMPATH/Boot.php(67): CodeIgniter\Boot::runCodeIgniter()
 8 FCPATH/index.php(56): CodeIgniter\Boot::bootWeb()
ERROR - 2024-10-27 02:26:04 --> mysqli_sql_exception: You have an error in your SQL syntax; check the manual that corresponds to your MariaDB server version for the right syntax to use near '@gmail.com AND usu_contrasena = 12345' at line 1 in /home/u437507083/domains/oscaralas.link/public_html/prosaludlab/system/Database/MySQLi/Connection.php:312
Stack trace:
#0 /home/u437507083/domains/oscaralas.link/public_html/prosaludlab/system/Database/MySQLi/Connection.php(312): mysqli->query()
#1 /home/u437507083/domains/oscaralas.link/public_html/prosaludlab/system/Database/BaseConnection.php(734): CodeIgniter\Database\MySQLi\Connection->execute()
#2 /home/u437507083/domains/oscaralas.link/public_html/prosaludlab/system/Database/BaseConnection.php(648): CodeIgniter\Database\BaseConnection->simpleQuery()
#3 /home/u437507083/domains/oscaralas.link/public_html/prosaludlab/app/Models/Persona.php(17): CodeIgniter\Database\BaseConnection->query()
#4 /home/u437507083/domains/oscaralas.link/public_html/prosaludlab/app/Controllers/Home.php(35): App\Models\Persona->get_usuario()
#5 /home/u437507083/domains/oscaralas.link/public_html/prosaludlab/system/CodeIgniter.php(933): App\Controllers\Home->inicio()
#6 /home/u437507083/domains/oscaralas.link/public_html/prosaludlab/system/CodeIgniter.php(509): CodeIgniter\CodeIgniter->runController()
#7 /home/u437507083/domains/oscaralas.link/public_html/prosaludlab/system/CodeIgniter.php(355): CodeIgniter\CodeIgniter->handleRequest()
#8 /home/u437507083/domains/oscaralas.link/public_html/prosaludlab/system/Boot.php(325): CodeIgniter\CodeIgniter->run()
#9 /home/u437507083/domains/oscaralas.link/public_html/prosaludlab/system/Boot.php(67): CodeIgniter\Boot::runCodeIgniter()
#10 /home/u437507083/domains/oscaralas.link/public_html/prosaludlab/public/index.php(56): CodeIgniter\Boot::bootWeb()
#11 {main}
CRITICAL - 2024-10-27 02:26:04 --> CodeIgniter\Database\Exceptions\DatabaseException: You have an error in your SQL syntax; check the manual that corresponds to your MariaDB server version for the right syntax to use near '@gmail.com AND usu_contrasena = 12345' at line 1
[Method: GET, Route: home/inicio]
in SYSTEMPATH/Database/BaseConnection.php on line 688.
 1 APPPATH/Models/Persona.php(17): CodeIgniter\Database\BaseConnection->query()
 2 APPPATH/Controllers/Home.php(35): App\Models\Persona->get_usuario()
 3 SYSTEMPATH/CodeIgniter.php(933): App\Controllers\Home->inicio()
 4 SYSTEMPATH/CodeIgniter.php(509): CodeIgniter\CodeIgniter->runController()
 5 SYSTEMPATH/CodeIgniter.php(355): CodeIgniter\CodeIgniter->handleRequest()
 6 SYSTEMPATH/Boot.php(325): CodeIgniter\CodeIgniter->run()
 7 SYSTEMPATH/Boot.php(67): CodeIgniter\Boot::runCodeIgniter()
 8 FCPATH/index.php(56): CodeIgniter\Boot::bootWeb()
CRITICAL - 2024-10-27 02:26:04 --> [Caused by] CodeIgniter\Database\Exceptions\DatabaseException: You have an error in your SQL syntax; check the manual that corresponds to your MariaDB server version for the right syntax to use near '@gmail.com AND usu_contrasena = 12345' at line 1
in SYSTEMPATH/Database/MySQLi/Connection.php on line 317.
 1 SYSTEMPATH/Database/BaseConnection.php(734): CodeIgniter\Database\MySQLi\Connection->execute()
 2 SYSTEMPATH/Database/BaseConnection.php(648): CodeIgniter\Database\BaseConnection->simpleQuery()
 3 APPPATH/Models/Persona.php(17): CodeIgniter\Database\BaseConnection->query()
 4 APPPATH/Controllers/Home.php(35): App\Models\Persona->get_usuario()
 5 SYSTEMPATH/CodeIgniter.php(933): App\Controllers\Home->inicio()
 6 SYSTEMPATH/CodeIgniter.php(509): CodeIgniter\CodeIgniter->runController()
 7 SYSTEMPATH/CodeIgniter.php(355): CodeIgniter\CodeIgniter->handleRequest()
 8 SYSTEMPATH/Boot.php(325): CodeIgniter\CodeIgniter->run()
 9 SYSTEMPATH/Boot.php(67): CodeIgniter\Boot::runCodeIgniter()
10 FCPATH/index.php(56): CodeIgniter\Boot::bootWeb()
CRITICAL - 2024-10-27 02:26:04 --> [Caused by] mysqli_sql_exception: You have an error in your SQL syntax; check the manual that corresponds to your MariaDB server version for the right syntax to use near '@gmail.com AND usu_contrasena = 12345' at line 1
in SYSTEMPATH/Database/MySQLi/Connection.php on line 312.
 1 SYSTEMPATH/Database/MySQLi/Connection.php(312): mysqli->query()
 2 SYSTEMPATH/Database/BaseConnection.php(734): CodeIgniter\Database\MySQLi\Connection->execute()
 3 SYSTEMPATH/Database/BaseConnection.php(648): CodeIgniter\Database\BaseConnection->simpleQuery()
 4 APPPATH/Models/Persona.php(17): CodeIgniter\Database\BaseConnection->query()
 5 APPPATH/Controllers/Home.php(35): App\Models\Persona->get_usuario()
 6 SYSTEMPATH/CodeIgniter.php(933): App\Controllers\Home->inicio()
 7 SYSTEMPATH/CodeIgniter.php(509): CodeIgniter\CodeIgniter->runController()
 8 SYSTEMPATH/CodeIgniter.php(355): CodeIgniter\CodeIgniter->handleRequest()
 9 SYSTEMPATH/Boot.php(325): CodeIgniter\CodeIgniter->run()
10 SYSTEMPATH/Boot.php(67): CodeIgniter\Boot::runCodeIgniter()
11 FCPATH/index.php(56): CodeIgniter\Boot::bootWeb()
CRITICAL - 2024-10-27 02:29:33 --> ErrorException: Undefined array key "usu_genero"
[Method: GET, Route: home/inicio]
in APPPATH/Views/principal.php on line 377.
 1 APPPATH/Views/principal.php(377): CodeIgniter\Debug\Exceptions->errorHandler()
 2 SYSTEMPATH/View/View.php(234): include('/home/u437507083/domains/oscaralas.link/public_html/prosaludlab/app/Views/principal.php')
 3 SYSTEMPATH/View/View.php(237): CodeIgniter\View\View->CodeIgniter\View\{closure}()
 4 SYSTEMPATH/Common.php(1171): CodeIgniter\View\View->render()
 5 APPPATH/Controllers/Home.php(39): view()
 6 SYSTEMPATH/CodeIgniter.php(933): App\Controllers\Home->inicio()
 7 SYSTEMPATH/CodeIgniter.php(509): CodeIgniter\CodeIgniter->runController()
 8 SYSTEMPATH/CodeIgniter.php(355): CodeIgniter\CodeIgniter->handleRequest()
 9 SYSTEMPATH/Boot.php(325): CodeIgniter\CodeIgniter->run()
10 SYSTEMPATH/Boot.php(67): CodeIgniter\Boot::runCodeIgniter()
11 FCPATH/index.php(56): CodeIgniter\Boot::bootWeb()
CRITICAL - 2024-10-27 02:30:04 --> ErrorException: Undefined array key "usu_nombre"
[Method: GET, Route: home/inicio]
in APPPATH/Views/principal.php on line 377.
 1 APPPATH/Views/principal.php(377): CodeIgniter\Debug\Exceptions->errorHandler()
 2 SYSTEMPATH/View/View.php(234): include('/home/u437507083/domains/oscaralas.link/public_html/prosaludlab/app/Views/principal.php')
 3 SYSTEMPATH/View/View.php(237): CodeIgniter\View\View->CodeIgniter\View\{closure}()
 4 SYSTEMPATH/Common.php(1171): CodeIgniter\View\View->render()
 5 APPPATH/Controllers/Home.php(39): view()
 6 SYSTEMPATH/CodeIgniter.php(933): App\Controllers\Home->inicio()
 7 SYSTEMPATH/CodeIgniter.php(509): CodeIgniter\CodeIgniter->runController()
 8 SYSTEMPATH/CodeIgniter.php(355): CodeIgniter\CodeIgniter->handleRequest()
 9 SYSTEMPATH/Boot.php(325): CodeIgniter\CodeIgniter->run()
10 SYSTEMPATH/Boot.php(67): CodeIgniter\Boot::runCodeIgniter()
11 FCPATH/index.php(56): CodeIgniter\Boot::bootWeb()
CRITICAL - 2024-10-27 02:32:17 --> ErrorException: Undefined array key "result"
[Method: GET, Route: home/inicio]
in APPPATH/Views/principal.php on line 377.
 1 APPPATH/Views/principal.php(377): CodeIgniter\Debug\Exceptions->errorHandler()
 2 SYSTEMPATH/View/View.php(234): include('/home/u437507083/domains/oscaralas.link/public_html/prosaludlab/app/Views/principal.php')
 3 SYSTEMPATH/View/View.php(237): CodeIgniter\View\View->CodeIgniter\View\{closure}()
 4 SYSTEMPATH/Common.php(1171): CodeIgniter\View\View->render()
 5 APPPATH/Controllers/Home.php(39): view()
 6 SYSTEMPATH/CodeIgniter.php(933): App\Controllers\Home->inicio()
 7 SYSTEMPATH/CodeIgniter.php(509): CodeIgniter\CodeIgniter->runController()
 8 SYSTEMPATH/CodeIgniter.php(355): CodeIgniter\CodeIgniter->handleRequest()
 9 SYSTEMPATH/Boot.php(325): CodeIgniter\CodeIgniter->run()
10 SYSTEMPATH/Boot.php(67): CodeIgniter\Boot::runCodeIgniter()
11 FCPATH/index.php(56): CodeIgniter\Boot::bootWeb()
CRITICAL - 2024-10-27 02:35:24 --> ErrorException: Undefined array key "result"
[Method: GET, Route: home/inicio]
in APPPATH/Views/principal.php on line 377.
 1 APPPATH/Views/principal.php(377): CodeIgniter\Debug\Exceptions->errorHandler()
 2 SYSTEMPATH/View/View.php(234): include('/home/u437507083/domains/oscaralas.link/public_html/prosaludlab/app/Views/principal.php')
 3 SYSTEMPATH/View/View.php(237): CodeIgniter\View\View->CodeIgniter\View\{closure}()
 4 SYSTEMPATH/Common.php(1171): CodeIgniter\View\View->render()
 5 APPPATH/Controllers/Home.php(38): view()
 6 SYSTEMPATH/CodeIgniter.php(933): App\Controllers\Home->inicio()
 7 SYSTEMPATH/CodeIgniter.php(509): CodeIgniter\CodeIgniter->runController()
 8 SYSTEMPATH/CodeIgniter.php(355): CodeIgniter\CodeIgniter->handleRequest()
 9 SYSTEMPATH/Boot.php(325): CodeIgniter\CodeIgniter->run()
10 SYSTEMPATH/Boot.php(67): CodeIgniter\Boot::runCodeIgniter()
11 FCPATH/index.php(56): CodeIgniter\Boot::bootWeb()
CRITICAL - 2024-10-27 02:35:35 --> ErrorException: Undefined array key "result"
[Method: GET, Route: home/inicio]
in APPPATH/Views/principal.php on line 377.
 1 APPPATH/Views/principal.php(377): CodeIgniter\Debug\Exceptions->errorHandler()
 2 SYSTEMPATH/View/View.php(234): include('/home/u437507083/domains/oscaralas.link/public_html/prosaludlab/app/Views/principal.php')
 3 SYSTEMPATH/View/View.php(237): CodeIgniter\View\View->CodeIgniter\View\{closure}()
 4 SYSTEMPATH/Common.php(1171): CodeIgniter\View\View->render()
 5 APPPATH/Controllers/Home.php(38): view()
 6 SYSTEMPATH/CodeIgniter.php(933): App\Controllers\Home->inicio()
 7 SYSTEMPATH/CodeIgniter.php(509): CodeIgniter\CodeIgniter->runController()
 8 SYSTEMPATH/CodeIgniter.php(355): CodeIgniter\CodeIgniter->handleRequest()
 9 SYSTEMPATH/Boot.php(325): CodeIgniter\CodeIgniter->run()
10 SYSTEMPATH/Boot.php(67): CodeIgniter\Boot::runCodeIgniter()
11 FCPATH/index.php(56): CodeIgniter\Boot::bootWeb()
CRITICAL - 2024-10-27 02:50:06 --> ErrorException: Undefined variable $usu_id
[Method: POST, Route: home/inicio]
in APPPATH/Controllers/Home.php on line 34.
 1 APPPATH/Controllers/Home.php(34): CodeIgniter\Debug\Exceptions->errorHandler()
 2 SYSTEMPATH/CodeIgniter.php(933): App\Controllers\Home->inicio()
 3 SYSTEMPATH/CodeIgniter.php(509): CodeIgniter\CodeIgniter->runController()
 4 SYSTEMPATH/CodeIgniter.php(355): CodeIgniter\CodeIgniter->handleRequest()
 5 SYSTEMPATH/Boot.php(325): CodeIgniter\CodeIgniter->run()
 6 SYSTEMPATH/Boot.php(67): CodeIgniter\Boot::runCodeIgniter()
 7 FCPATH/index.php(56): CodeIgniter\Boot::bootWeb()
CRITICAL - 2024-10-27 02:53:01 --> ErrorException: Undefined variable $usu_id
[Method: POST, Route: home/inicio]
in APPPATH/Controllers/Home.php on line 34.
 1 APPPATH/Controllers/Home.php(34): CodeIgniter\Debug\Exceptions->errorHandler()
 2 SYSTEMPATH/CodeIgniter.php(933): App\Controllers\Home->inicio()
 3 SYSTEMPATH/CodeIgniter.php(509): CodeIgniter\CodeIgniter->runController()
 4 SYSTEMPATH/CodeIgniter.php(355): CodeIgniter\CodeIgniter->handleRequest()
 5 SYSTEMPATH/Boot.php(325): CodeIgniter\CodeIgniter->run()
 6 SYSTEMPATH/Boot.php(67): CodeIgniter\Boot::runCodeIgniter()
 7 FCPATH/index.php(56): CodeIgniter\Boot::bootWeb()
ERROR - 2024-10-27 02:56:13 --> mysqli_sql_exception: You have an error in your SQL syntax; check the manual that corresponds to your MariaDB server version for the right syntax to use near '' at line 1 in /home/u437507083/domains/oscaralas.link/public_html/prosaludlab/system/Database/MySQLi/Connection.php:312
Stack trace:
#0 /home/u437507083/domains/oscaralas.link/public_html/prosaludlab/system/Database/MySQLi/Connection.php(312): mysqli->query()
#1 /home/u437507083/domains/oscaralas.link/public_html/prosaludlab/system/Database/BaseConnection.php(734): CodeIgniter\Database\MySQLi\Connection->execute()
#2 /home/u437507083/domains/oscaralas.link/public_html/prosaludlab/system/Database/BaseConnection.php(648): CodeIgniter\Database\BaseConnection->simpleQuery()
#3 /home/u437507083/domains/oscaralas.link/public_html/prosaludlab/app/Models/Persona.php(17): CodeIgniter\Database\BaseConnection->query()
#4 /home/u437507083/domains/oscaralas.link/public_html/prosaludlab/app/Controllers/Home.php(35): App\Models\Persona->get_usuario()
#5 /home/u437507083/domains/oscaralas.link/public_html/prosaludlab/system/CodeIgniter.php(933): App\Controllers\Home->inicio()
#6 /home/u437507083/domains/oscaralas.link/public_html/prosaludlab/system/CodeIgniter.php(509): CodeIgniter\CodeIgniter->runController()
#7 /home/u437507083/domains/oscaralas.link/public_html/prosaludlab/system/CodeIgniter.php(355): CodeIgniter\CodeIgniter->handleRequest()
#8 /home/u437507083/domains/oscaralas.link/public_html/prosaludlab/system/Boot.php(325): CodeIgniter\CodeIgniter->run()
#9 /home/u437507083/domains/oscaralas.link/public_html/prosaludlab/system/Boot.php(67): CodeIgniter\Boot::runCodeIgniter()
#10 /home/u437507083/domains/oscaralas.link/public_html/prosaludlab/public/index.php(56): CodeIgniter\Boot::bootWeb()
#11 {main}
CRITICAL - 2024-10-27 02:56:13 --> CodeIgniter\Database\Exceptions\DatabaseException: You have an error in your SQL syntax; check the manual that corresponds to your MariaDB server version for the right syntax to use near '' at line 1
[Method: POST, Route: home/inicio]
in SYSTEMPATH/Database/BaseConnection.php on line 688.
 1 APPPATH/Models/Persona.php(17): CodeIgniter\Database\BaseConnection->query()
 2 APPPATH/Controllers/Home.php(35): App\Models\Persona->get_usuario()
 3 SYSTEMPATH/CodeIgniter.php(933): App\Controllers\Home->inicio()
 4 SYSTEMPATH/CodeIgniter.php(509): CodeIgniter\CodeIgniter->runController()
 5 SYSTEMPATH/CodeIgniter.php(355): CodeIgniter\CodeIgniter->handleRequest()
 6 SYSTEMPATH/Boot.php(325): CodeIgniter\CodeIgniter->run()
 7 SYSTEMPATH/Boot.php(67): CodeIgniter\Boot::runCodeIgniter()
 8 FCPATH/index.php(56): CodeIgniter\Boot::bootWeb()
CRITICAL - 2024-10-27 02:56:13 --> [Caused by] CodeIgniter\Database\Exceptions\DatabaseException: You have an error in your SQL syntax; check the manual that corresponds to your MariaDB server version for the right syntax to use near '' at line 1
in SYSTEMPATH/Database/MySQLi/Connection.php on line 317.
 1 SYSTEMPATH/Database/BaseConnection.php(734): CodeIgniter\Database\MySQLi\Connection->execute()
 2 SYSTEMPATH/Database/BaseConnection.php(648): CodeIgniter\Database\BaseConnection->simpleQuery()
 3 APPPATH/Models/Persona.php(17): CodeIgniter\Database\BaseConnection->query()
 4 APPPATH/Controllers/Home.php(35): App\Models\Persona->get_usuario()
 5 SYSTEMPATH/CodeIgniter.php(933): App\Controllers\Home->inicio()
 6 SYSTEMPATH/CodeIgniter.php(509): CodeIgniter\CodeIgniter->runController()
 7 SYSTEMPATH/CodeIgniter.php(355): CodeIgniter\CodeIgniter->handleRequest()
 8 SYSTEMPATH/Boot.php(325): CodeIgniter\CodeIgniter->run()
 9 SYSTEMPATH/Boot.php(67): CodeIgniter\Boot::runCodeIgniter()
10 FCPATH/index.php(56): CodeIgniter\Boot::bootWeb()
CRITICAL - 2024-10-27 02:56:13 --> [Caused by] mysqli_sql_exception: You have an error in your SQL syntax; check the manual that corresponds to your MariaDB server version for the right syntax to use near '' at line 1
in SYSTEMPATH/Database/MySQLi/Connection.php on line 312.
 1 SYSTEMPATH/Database/MySQLi/Connection.php(312): mysqli->query()
 2 SYSTEMPATH/Database/BaseConnection.php(734): CodeIgniter\Database\MySQLi\Connection->execute()
 3 SYSTEMPATH/Database/BaseConnection.php(648): CodeIgniter\Database\BaseConnection->simpleQuery()
 4 APPPATH/Models/Persona.php(17): CodeIgniter\Database\BaseConnection->query()
 5 APPPATH/Controllers/Home.php(35): App\Models\Persona->get_usuario()
 6 SYSTEMPATH/CodeIgniter.php(933): App\Controllers\Home->inicio()
 7 SYSTEMPATH/CodeIgniter.php(509): CodeIgniter\CodeIgniter->runController()
 8 SYSTEMPATH/CodeIgniter.php(355): CodeIgniter\CodeIgniter->handleRequest()
 9 SYSTEMPATH/Boot.php(325): CodeIgniter\CodeIgniter->run()
10 SYSTEMPATH/Boot.php(67): CodeIgniter\Boot::runCodeIgniter()
11 FCPATH/index.php(56): CodeIgniter\Boot::bootWeb()
ERROR - 2024-10-27 02:56:46 --> mysqli_sql_exception: You have an error in your SQL syntax; check the manual that corresponds to your MariaDB server version for the right syntax to use near '' at line 1 in /home/u437507083/domains/oscaralas.link/public_html/prosaludlab/system/Database/MySQLi/Connection.php:312
Stack trace:
#0 /home/u437507083/domains/oscaralas.link/public_html/prosaludlab/system/Database/MySQLi/Connection.php(312): mysqli->query()
#1 /home/u437507083/domains/oscaralas.link/public_html/prosaludlab/system/Database/BaseConnection.php(734): CodeIgniter\Database\MySQLi\Connection->execute()
#2 /home/u437507083/domains/oscaralas.link/public_html/prosaludlab/system/Database/BaseConnection.php(648): CodeIgniter\Database\BaseConnection->simpleQuery()
#3 /home/u437507083/domains/oscaralas.link/public_html/prosaludlab/app/Models/Persona.php(17): CodeIgniter\Database\BaseConnection->query()
#4 /home/u437507083/domains/oscaralas.link/public_html/prosaludlab/app/Controllers/Home.php(35): App\Models\Persona->get_usuario()
#5 /home/u437507083/domains/oscaralas.link/public_html/prosaludlab/system/CodeIgniter.php(933): App\Controllers\Home->inicio()
#6 /home/u437507083/domains/oscaralas.link/public_html/prosaludlab/system/CodeIgniter.php(509): CodeIgniter\CodeIgniter->runController()
#7 /home/u437507083/domains/oscaralas.link/public_html/prosaludlab/system/CodeIgniter.php(355): CodeIgniter\CodeIgniter->handleRequest()
#8 /home/u437507083/domains/oscaralas.link/public_html/prosaludlab/system/Boot.php(325): CodeIgniter\CodeIgniter->run()
#9 /home/u437507083/domains/oscaralas.link/public_html/prosaludlab/system/Boot.php(67): CodeIgniter\Boot::runCodeIgniter()
#10 /home/u437507083/domains/oscaralas.link/public_html/prosaludlab/public/index.php(56): CodeIgniter\Boot::bootWeb()
#11 {main}
CRITICAL - 2024-10-27 02:56:46 --> CodeIgniter\Database\Exceptions\DatabaseException: You have an error in your SQL syntax; check the manual that corresponds to your MariaDB server version for the right syntax to use near '' at line 1
[Method: POST, Route: home/inicio]
in SYSTEMPATH/Database/BaseConnection.php on line 688.
 1 APPPATH/Models/Persona.php(17): CodeIgniter\Database\BaseConnection->query()
 2 APPPATH/Controllers/Home.php(35): App\Models\Persona->get_usuario()
 3 SYSTEMPATH/CodeIgniter.php(933): App\Controllers\Home->inicio()
 4 SYSTEMPATH/CodeIgniter.php(509): CodeIgniter\CodeIgniter->runController()
 5 SYSTEMPATH/CodeIgniter.php(355): CodeIgniter\CodeIgniter->handleRequest()
 6 SYSTEMPATH/Boot.php(325): CodeIgniter\CodeIgniter->run()
 7 SYSTEMPATH/Boot.php(67): CodeIgniter\Boot::runCodeIgniter()
 8 FCPATH/index.php(56): CodeIgniter\Boot::bootWeb()
CRITICAL - 2024-10-27 02:56:46 --> [Caused by] CodeIgniter\Database\Exceptions\DatabaseException: You have an error in your SQL syntax; check the manual that corresponds to your MariaDB server version for the right syntax to use near '' at line 1
in SYSTEMPATH/Database/MySQLi/Connection.php on line 317.
 1 SYSTEMPATH/Database/BaseConnection.php(734): CodeIgniter\Database\MySQLi\Connection->execute()
 2 SYSTEMPATH/Database/BaseConnection.php(648): CodeIgniter\Database\BaseConnection->simpleQuery()
 3 APPPATH/Models/Persona.php(17): CodeIgniter\Database\BaseConnection->query()
 4 APPPATH/Controllers/Home.php(35): App\Models\Persona->get_usuario()
 5 SYSTEMPATH/CodeIgniter.php(933): App\Controllers\Home->inicio()
 6 SYSTEMPATH/CodeIgniter.php(509): CodeIgniter\CodeIgniter->runController()
 7 SYSTEMPATH/CodeIgniter.php(355): CodeIgniter\CodeIgniter->handleRequest()
 8 SYSTEMPATH/Boot.php(325): CodeIgniter\CodeIgniter->run()
 9 SYSTEMPATH/Boot.php(67): CodeIgniter\Boot::runCodeIgniter()
10 FCPATH/index.php(56): CodeIgniter\Boot::bootWeb()
CRITICAL - 2024-10-27 02:56:46 --> [Caused by] mysqli_sql_exception: You have an error in your SQL syntax; check the manual that corresponds to your MariaDB server version for the right syntax to use near '' at line 1
in SYSTEMPATH/Database/MySQLi/Connection.php on line 312.
 1 SYSTEMPATH/Database/MySQLi/Connection.php(312): mysqli->query()
 2 SYSTEMPATH/Database/BaseConnection.php(734): CodeIgniter\Database\MySQLi\Connection->execute()
 3 SYSTEMPATH/Database/BaseConnection.php(648): CodeIgniter\Database\BaseConnection->simpleQuery()
 4 APPPATH/Models/Persona.php(17): CodeIgniter\Database\BaseConnection->query()
 5 APPPATH/Controllers/Home.php(35): App\Models\Persona->get_usuario()
 6 SYSTEMPATH/CodeIgniter.php(933): App\Controllers\Home->inicio()
 7 SYSTEMPATH/CodeIgniter.php(509): CodeIgniter\CodeIgniter->runController()
 8 SYSTEMPATH/CodeIgniter.php(355): CodeIgniter\CodeIgniter->handleRequest()
 9 SYSTEMPATH/Boot.php(325): CodeIgniter\CodeIgniter->run()
10 SYSTEMPATH/Boot.php(67): CodeIgniter\Boot::runCodeIgniter()
11 FCPATH/index.php(56): CodeIgniter\Boot::bootWeb()
ERROR - 2024-10-27 02:56:53 --> mysqli_sql_exception: You have an error in your SQL syntax; check the manual that corresponds to your MariaDB server version for the right syntax to use near '' at line 1 in /home/u437507083/domains/oscaralas.link/public_html/prosaludlab/system/Database/MySQLi/Connection.php:312
Stack trace:
#0 /home/u437507083/domains/oscaralas.link/public_html/prosaludlab/system/Database/MySQLi/Connection.php(312): mysqli->query()
#1 /home/u437507083/domains/oscaralas.link/public_html/prosaludlab/system/Database/BaseConnection.php(734): CodeIgniter\Database\MySQLi\Connection->execute()
#2 /home/u437507083/domains/oscaralas.link/public_html/prosaludlab/system/Database/BaseConnection.php(648): CodeIgniter\Database\BaseConnection->simpleQuery()
#3 /home/u437507083/domains/oscaralas.link/public_html/prosaludlab/app/Models/Persona.php(17): CodeIgniter\Database\BaseConnection->query()
#4 /home/u437507083/domains/oscaralas.link/public_html/prosaludlab/app/Controllers/Home.php(35): App\Models\Persona->get_usuario()
#5 /home/u437507083/domains/oscaralas.link/public_html/prosaludlab/system/CodeIgniter.php(933): App\Controllers\Home->inicio()
#6 /home/u437507083/domains/oscaralas.link/public_html/prosaludlab/system/CodeIgniter.php(509): CodeIgniter\CodeIgniter->runController()
#7 /home/u437507083/domains/oscaralas.link/public_html/prosaludlab/system/CodeIgniter.php(355): CodeIgniter\CodeIgniter->handleRequest()
#8 /home/u437507083/domains/oscaralas.link/public_html/prosaludlab/system/Boot.php(325): CodeIgniter\CodeIgniter->run()
#9 /home/u437507083/domains/oscaralas.link/public_html/prosaludlab/system/Boot.php(67): CodeIgniter\Boot::runCodeIgniter()
#10 /home/u437507083/domains/oscaralas.link/public_html/prosaludlab/public/index.php(56): CodeIgniter\Boot::bootWeb()
#11 {main}
CRITICAL - 2024-10-27 02:56:53 --> CodeIgniter\Database\Exceptions\DatabaseException: You have an error in your SQL syntax; check the manual that corresponds to your MariaDB server version for the right syntax to use near '' at line 1
[Method: POST, Route: home/inicio]
in SYSTEMPATH/Database/BaseConnection.php on line 688.
 1 APPPATH/Models/Persona.php(17): CodeIgniter\Database\BaseConnection->query()
 2 APPPATH/Controllers/Home.php(35): App\Models\Persona->get_usuario()
 3 SYSTEMPATH/CodeIgniter.php(933): App\Controllers\Home->inicio()
 4 SYSTEMPATH/CodeIgniter.php(509): CodeIgniter\CodeIgniter->runController()
 5 SYSTEMPATH/CodeIgniter.php(355): CodeIgniter\CodeIgniter->handleRequest()
 6 SYSTEMPATH/Boot.php(325): CodeIgniter\CodeIgniter->run()
 7 SYSTEMPATH/Boot.php(67): CodeIgniter\Boot::runCodeIgniter()
 8 FCPATH/index.php(56): CodeIgniter\Boot::bootWeb()
CRITICAL - 2024-10-27 02:56:53 --> [Caused by] CodeIgniter\Database\Exceptions\DatabaseException: You have an error in your SQL syntax; check the manual that corresponds to your MariaDB server version for the right syntax to use near '' at line 1
in SYSTEMPATH/Database/MySQLi/Connection.php on line 317.
 1 SYSTEMPATH/Database/BaseConnection.php(734): CodeIgniter\Database\MySQLi\Connection->execute()
 2 SYSTEMPATH/Database/BaseConnection.php(648): CodeIgniter\Database\BaseConnection->simpleQuery()
 3 APPPATH/Models/Persona.php(17): CodeIgniter\Database\BaseConnection->query()
 4 APPPATH/Controllers/Home.php(35): App\Models\Persona->get_usuario()
 5 SYSTEMPATH/CodeIgniter.php(933): App\Controllers\Home->inicio()
 6 SYSTEMPATH/CodeIgniter.php(509): CodeIgniter\CodeIgniter->runController()
 7 SYSTEMPATH/CodeIgniter.php(355): CodeIgniter\CodeIgniter->handleRequest()
 8 SYSTEMPATH/Boot.php(325): CodeIgniter\CodeIgniter->run()
 9 SYSTEMPATH/Boot.php(67): CodeIgniter\Boot::runCodeIgniter()
10 FCPATH/index.php(56): CodeIgniter\Boot::bootWeb()
CRITICAL - 2024-10-27 02:56:53 --> [Caused by] mysqli_sql_exception: You have an error in your SQL syntax; check the manual that corresponds to your MariaDB server version for the right syntax to use near '' at line 1
in SYSTEMPATH/Database/MySQLi/Connection.php on line 312.
 1 SYSTEMPATH/Database/MySQLi/Connection.php(312): mysqli->query()
 2 SYSTEMPATH/Database/BaseConnection.php(734): CodeIgniter\Database\MySQLi\Connection->execute()
 3 SYSTEMPATH/Database/BaseConnection.php(648): CodeIgniter\Database\BaseConnection->simpleQuery()
 4 APPPATH/Models/Persona.php(17): CodeIgniter\Database\BaseConnection->query()
 5 APPPATH/Controllers/Home.php(35): App\Models\Persona->get_usuario()
 6 SYSTEMPATH/CodeIgniter.php(933): App\Controllers\Home->inicio()
 7 SYSTEMPATH/CodeIgniter.php(509): CodeIgniter\CodeIgniter->runController()
 8 SYSTEMPATH/CodeIgniter.php(355): CodeIgniter\CodeIgniter->handleRequest()
 9 SYSTEMPATH/Boot.php(325): CodeIgniter\CodeIgniter->run()
10 SYSTEMPATH/Boot.php(67): CodeIgniter\Boot::runCodeIgniter()
11 FCPATH/index.php(56): CodeIgniter\Boot::bootWeb()
ERROR - 2024-10-27 02:57:41 --> mysqli_sql_exception: You have an error in your SQL syntax; check the manual that corresponds to your MariaDB server version for the right syntax to use near '@gmail.com' at line 1 in /home/u437507083/domains/oscaralas.link/public_html/prosaludlab/system/Database/MySQLi/Connection.php:312
Stack trace:
#0 /home/u437507083/domains/oscaralas.link/public_html/prosaludlab/system/Database/MySQLi/Connection.php(312): mysqli->query()
#1 /home/u437507083/domains/oscaralas.link/public_html/prosaludlab/system/Database/BaseConnection.php(734): CodeIgniter\Database\MySQLi\Connection->execute()
#2 /home/u437507083/domains/oscaralas.link/public_html/prosaludlab/system/Database/BaseConnection.php(648): CodeIgniter\Database\BaseConnection->simpleQuery()
#3 /home/u437507083/domains/oscaralas.link/public_html/prosaludlab/app/Models/Persona.php(17): CodeIgniter\Database\BaseConnection->query()
#4 /home/u437507083/domains/oscaralas.link/public_html/prosaludlab/app/Controllers/Home.php(35): App\Models\Persona->get_usuario()
#5 /home/u437507083/domains/oscaralas.link/public_html/prosaludlab/system/CodeIgniter.php(933): App\Controllers\Home->inicio()
#6 /home/u437507083/domains/oscaralas.link/public_html/prosaludlab/system/CodeIgniter.php(509): CodeIgniter\CodeIgniter->runController()
#7 /home/u437507083/domains/oscaralas.link/public_html/prosaludlab/system/CodeIgniter.php(355): CodeIgniter\CodeIgniter->handleRequest()
#8 /home/u437507083/domains/oscaralas.link/public_html/prosaludlab/system/Boot.php(325): CodeIgniter\CodeIgniter->run()
#9 /home/u437507083/domains/oscaralas.link/public_html/prosaludlab/system/Boot.php(67): CodeIgniter\Boot::runCodeIgniter()
#10 /home/u437507083/domains/oscaralas.link/public_html/prosaludlab/public/index.php(56): CodeIgniter\Boot::bootWeb()
#11 {main}
CRITICAL - 2024-10-27 02:57:41 --> CodeIgniter\Database\Exceptions\DatabaseException: You have an error in your SQL syntax; check the manual that corresponds to your MariaDB server version for the right syntax to use near '@gmail.com' at line 1
[Method: POST, Route: home/inicio]
in SYSTEMPATH/Database/BaseConnection.php on line 688.
 1 APPPATH/Models/Persona.php(17): CodeIgniter\Database\BaseConnection->query()
 2 APPPATH/Controllers/Home.php(35): App\Models\Persona->get_usuario()
 3 SYSTEMPATH/CodeIgniter.php(933): App\Controllers\Home->inicio()
 4 SYSTEMPATH/CodeIgniter.php(509): CodeIgniter\CodeIgniter->runController()
 5 SYSTEMPATH/CodeIgniter.php(355): CodeIgniter\CodeIgniter->handleRequest()
 6 SYSTEMPATH/Boot.php(325): CodeIgniter\CodeIgniter->run()
 7 SYSTEMPATH/Boot.php(67): CodeIgniter\Boot::runCodeIgniter()
 8 FCPATH/index.php(56): CodeIgniter\Boot::bootWeb()
CRITICAL - 2024-10-27 02:57:41 --> [Caused by] CodeIgniter\Database\Exceptions\DatabaseException: You have an error in your SQL syntax; check the manual that corresponds to your MariaDB server version for the right syntax to use near '@gmail.com' at line 1
in SYSTEMPATH/Database/MySQLi/Connection.php on line 317.
 1 SYSTEMPATH/Database/BaseConnection.php(734): CodeIgniter\Database\MySQLi\Connection->execute()
 2 SYSTEMPATH/Database/BaseConnection.php(648): CodeIgniter\Database\BaseConnection->simpleQuery()
 3 APPPATH/Models/Persona.php(17): CodeIgniter\Database\BaseConnection->query()
 4 APPPATH/Controllers/Home.php(35): App\Models\Persona->get_usuario()
 5 SYSTEMPATH/CodeIgniter.php(933): App\Controllers\Home->inicio()
 6 SYSTEMPATH/CodeIgniter.php(509): CodeIgniter\CodeIgniter->runController()
 7 SYSTEMPATH/CodeIgniter.php(355): CodeIgniter\CodeIgniter->handleRequest()
 8 SYSTEMPATH/Boot.php(325): CodeIgniter\CodeIgniter->run()
 9 SYSTEMPATH/Boot.php(67): CodeIgniter\Boot::runCodeIgniter()
10 FCPATH/index.php(56): CodeIgniter\Boot::bootWeb()
CRITICAL - 2024-10-27 02:57:41 --> [Caused by] mysqli_sql_exception: You have an error in your SQL syntax; check the manual that corresponds to your MariaDB server version for the right syntax to use near '@gmail.com' at line 1
in SYSTEMPATH/Database/MySQLi/Connection.php on line 312.
 1 SYSTEMPATH/Database/MySQLi/Connection.php(312): mysqli->query()
 2 SYSTEMPATH/Database/BaseConnection.php(734): CodeIgniter\Database\MySQLi\Connection->execute()
 3 SYSTEMPATH/Database/BaseConnection.php(648): CodeIgniter\Database\BaseConnection->simpleQuery()
 4 APPPATH/Models/Persona.php(17): CodeIgniter\Database\BaseConnection->query()
 5 APPPATH/Controllers/Home.php(35): App\Models\Persona->get_usuario()
 6 SYSTEMPATH/CodeIgniter.php(933): App\Controllers\Home->inicio()
 7 SYSTEMPATH/CodeIgniter.php(509): CodeIgniter\CodeIgniter->runController()
 8 SYSTEMPATH/CodeIgniter.php(355): CodeIgniter\CodeIgniter->handleRequest()
 9 SYSTEMPATH/Boot.php(325): CodeIgniter\CodeIgniter->run()
10 SYSTEMPATH/Boot.php(67): CodeIgniter\Boot::runCodeIgniter()
11 FCPATH/index.php(56): CodeIgniter\Boot::bootWeb()
CRITICAL - 2024-10-27 03:26:50 --> ErrorException: Undefined variable $usu_email
[Method: POST, Route: home/inicio]
in APPPATH/Models/Persona.php on line 17.
 1 APPPATH/Models/Persona.php(17): CodeIgniter\Debug\Exceptions->errorHandler()
 2 APPPATH/Controllers/Home.php(37): App\Models\Persona->get_usuario()
 3 SYSTEMPATH/CodeIgniter.php(933): App\Controllers\Home->inicio()
 4 SYSTEMPATH/CodeIgniter.php(509): CodeIgniter\CodeIgniter->runController()
 5 SYSTEMPATH/CodeIgniter.php(355): CodeIgniter\CodeIgniter->handleRequest()
 6 SYSTEMPATH/Boot.php(325): CodeIgniter\CodeIgniter->run()
 7 SYSTEMPATH/Boot.php(67): CodeIgniter\Boot::runCodeIgniter()
 8 FCPATH/index.php(56): CodeIgniter\Boot::bootWeb()
ERROR - 2024-10-27 03:27:16 --> mysqli_sql_exception: Unknown column 'oalas' in 'where clause' in /home/u437507083/domains/oscaralas.link/public_html/prosaludlab/system/Database/MySQLi/Connection.php:312
Stack trace:
#0 /home/u437507083/domains/oscaralas.link/public_html/prosaludlab/system/Database/MySQLi/Connection.php(312): mysqli->query()
#1 /home/u437507083/domains/oscaralas.link/public_html/prosaludlab/system/Database/BaseConnection.php(734): CodeIgniter\Database\MySQLi\Connection->execute()
#2 /home/u437507083/domains/oscaralas.link/public_html/prosaludlab/system/Database/BaseConnection.php(648): CodeIgniter\Database\BaseConnection->simpleQuery()
#3 /home/u437507083/domains/oscaralas.link/public_html/prosaludlab/app/Models/Persona.php(17): CodeIgniter\Database\BaseConnection->query()
#4 /home/u437507083/domains/oscaralas.link/public_html/prosaludlab/app/Controllers/Home.php(37): App\Models\Persona->get_usuario()
#5 /home/u437507083/domains/oscaralas.link/public_html/prosaludlab/system/CodeIgniter.php(933): App\Controllers\Home->inicio()
#6 /home/u437507083/domains/oscaralas.link/public_html/prosaludlab/system/CodeIgniter.php(509): CodeIgniter\CodeIgniter->runController()
#7 /home/u437507083/domains/oscaralas.link/public_html/prosaludlab/system/CodeIgniter.php(355): CodeIgniter\CodeIgniter->handleRequest()
#8 /home/u437507083/domains/oscaralas.link/public_html/prosaludlab/system/Boot.php(325): CodeIgniter\CodeIgniter->run()
#9 /home/u437507083/domains/oscaralas.link/public_html/prosaludlab/system/Boot.php(67): CodeIgniter\Boot::runCodeIgniter()
#10 /home/u437507083/domains/oscaralas.link/public_html/prosaludlab/public/index.php(56): CodeIgniter\Boot::bootWeb()
#11 {main}
CRITICAL - 2024-10-27 03:27:16 --> CodeIgniter\Database\Exceptions\DatabaseException: Unknown column 'oalas' in 'where clause'
[Method: POST, Route: home/inicio]
in SYSTEMPATH/Database/BaseConnection.php on line 688.
 1 APPPATH/Models/Persona.php(17): CodeIgniter\Database\BaseConnection->query()
 2 APPPATH/Controllers/Home.php(37): App\Models\Persona->get_usuario()
 3 SYSTEMPATH/CodeIgniter.php(933): App\Controllers\Home->inicio()
 4 SYSTEMPATH/CodeIgniter.php(509): CodeIgniter\CodeIgniter->runController()
 5 SYSTEMPATH/CodeIgniter.php(355): CodeIgniter\CodeIgniter->handleRequest()
 6 SYSTEMPATH/Boot.php(325): CodeIgniter\CodeIgniter->run()
 7 SYSTEMPATH/Boot.php(67): CodeIgniter\Boot::runCodeIgniter()
 8 FCPATH/index.php(56): CodeIgniter\Boot::bootWeb()
CRITICAL - 2024-10-27 03:27:16 --> [Caused by] CodeIgniter\Database\Exceptions\DatabaseException: Unknown column 'oalas' in 'where clause'
in SYSTEMPATH/Database/MySQLi/Connection.php on line 317.
 1 SYSTEMPATH/Database/BaseConnection.php(734): CodeIgniter\Database\MySQLi\Connection->execute()
 2 SYSTEMPATH/Database/BaseConnection.php(648): CodeIgniter\Database\BaseConnection->simpleQuery()
 3 APPPATH/Models/Persona.php(17): CodeIgniter\Database\BaseConnection->query()
 4 APPPATH/Controllers/Home.php(37): App\Models\Persona->get_usuario()
 5 SYSTEMPATH/CodeIgniter.php(933): App\Controllers\Home->inicio()
 6 SYSTEMPATH/CodeIgniter.php(509): CodeIgniter\CodeIgniter->runController()
 7 SYSTEMPATH/CodeIgniter.php(355): CodeIgniter\CodeIgniter->handleRequest()
 8 SYSTEMPATH/Boot.php(325): CodeIgniter\CodeIgniter->run()
 9 SYSTEMPATH/Boot.php(67): CodeIgniter\Boot::runCodeIgniter()
10 FCPATH/index.php(56): CodeIgniter\Boot::bootWeb()
CRITICAL - 2024-10-27 03:27:16 --> [Caused by] mysqli_sql_exception: Unknown column 'oalas' in 'where clause'
in SYSTEMPATH/Database/MySQLi/Connection.php on line 312.
 1 SYSTEMPATH/Database/MySQLi/Connection.php(312): mysqli->query()
 2 SYSTEMPATH/Database/BaseConnection.php(734): CodeIgniter\Database\MySQLi\Connection->execute()
 3 SYSTEMPATH/Database/BaseConnection.php(648): CodeIgniter\Database\BaseConnection->simpleQuery()
 4 APPPATH/Models/Persona.php(17): CodeIgniter\Database\BaseConnection->query()
 5 APPPATH/Controllers/Home.php(37): App\Models\Persona->get_usuario()
 6 SYSTEMPATH/CodeIgniter.php(933): App\Controllers\Home->inicio()
 7 SYSTEMPATH/CodeIgniter.php(509): CodeIgniter\CodeIgniter->runController()
 8 SYSTEMPATH/CodeIgniter.php(355): CodeIgniter\CodeIgniter->handleRequest()
 9 SYSTEMPATH/Boot.php(325): CodeIgniter\CodeIgniter->run()
10 SYSTEMPATH/Boot.php(67): CodeIgniter\Boot::runCodeIgniter()
11 FCPATH/index.php(56): CodeIgniter\Boot::bootWeb()
CRITICAL - 2024-10-27 03:29:10 --> ErrorException: Trying to access array offset on value of type null
[Method: POST, Route: home/inicio]
in APPPATH/Views/principal.php on line 380.
 1 APPPATH/Views/principal.php(380): CodeIgniter\Debug\Exceptions->errorHandler()
 2 SYSTEMPATH/View/View.php(234): include('/home/u437507083/domains/oscaralas.link/public_html/prosaludlab/app/Views/principal.php')
 3 SYSTEMPATH/View/View.php(237): CodeIgniter\View\View->CodeIgniter\View\{closure}()
 4 SYSTEMPATH/Common.php(1171): CodeIgniter\View\View->render()
 5 APPPATH/Controllers/Home.php(41): view()
 6 SYSTEMPATH/CodeIgniter.php(933): App\Controllers\Home->inicio()
 7 SYSTEMPATH/CodeIgniter.php(509): CodeIgniter\CodeIgniter->runController()
 8 SYSTEMPATH/CodeIgniter.php(355): CodeIgniter\CodeIgniter->handleRequest()
 9 SYSTEMPATH/Boot.php(325): CodeIgniter\CodeIgniter->run()
10 SYSTEMPATH/Boot.php(67): CodeIgniter\Boot::runCodeIgniter()
11 FCPATH/index.php(56): CodeIgniter\Boot::bootWeb()
CRITICAL - 2024-10-27 03:31:46 --> ErrorException: Trying to access array offset on value of type null
[Method: POST, Route: home/inicio]
in APPPATH/Views/principal.php on line 380.
 1 APPPATH/Views/principal.php(380): CodeIgniter\Debug\Exceptions->errorHandler()
 2 SYSTEMPATH/View/View.php(234): include('/home/u437507083/domains/oscaralas.link/public_html/prosaludlab/app/Views/principal.php')
 3 SYSTEMPATH/View/View.php(237): CodeIgniter\View\View->CodeIgniter\View\{closure}()
 4 SYSTEMPATH/Common.php(1171): CodeIgniter\View\View->render()
 5 APPPATH/Controllers/Home.php(41): view()
 6 SYSTEMPATH/CodeIgniter.php(933): App\Controllers\Home->inicio()
 7 SYSTEMPATH/CodeIgniter.php(509): CodeIgniter\CodeIgniter->runController()
 8 SYSTEMPATH/CodeIgniter.php(355): CodeIgniter\CodeIgniter->handleRequest()
 9 SYSTEMPATH/Boot.php(325): CodeIgniter\CodeIgniter->run()
10 SYSTEMPATH/Boot.php(67): CodeIgniter\Boot::runCodeIgniter()
11 FCPATH/index.php(56): CodeIgniter\Boot::bootWeb()
CRITICAL - 2024-10-27 03:36:46 --> ArgumentCountError: Too few arguments to function App\Controllers\Home::inicio(), 0 passed in /home/u437507083/domains/oscaralas.link/public_html/prosaludlab/system/CodeIgniter.php on line 933 and exactly 2 expected
[Method: POST, Route: home/inicio]
in APPPATH/Controllers/Home.php on line 19.
 1 SYSTEMPATH/CodeIgniter.php(933): App\Controllers\Home->inicio()
 2 SYSTEMPATH/CodeIgniter.php(509): CodeIgniter\CodeIgniter->runController()
 3 SYSTEMPATH/CodeIgniter.php(355): CodeIgniter\CodeIgniter->handleRequest()
 4 SYSTEMPATH/Boot.php(325): CodeIgniter\CodeIgniter->run()
 5 SYSTEMPATH/Boot.php(67): CodeIgniter\Boot::runCodeIgniter()
 6 FCPATH/index.php(56): CodeIgniter\Boot::bootWeb()
CRITICAL - 2024-10-27 03:37:43 --> ArgumentCountError: Too few arguments to function App\Controllers\Home::inicio(), 0 passed in /home/u437507083/domains/oscaralas.link/public_html/prosaludlab/system/CodeIgniter.php on line 933 and exactly 2 expected
[Method: POST, Route: home/inicio]
in APPPATH/Controllers/Home.php on line 19.
 1 SYSTEMPATH/CodeIgniter.php(933): App\Controllers\Home->inicio()
 2 SYSTEMPATH/CodeIgniter.php(509): CodeIgniter\CodeIgniter->runController()
 3 SYSTEMPATH/CodeIgniter.php(355): CodeIgniter\CodeIgniter->handleRequest()
 4 SYSTEMPATH/Boot.php(325): CodeIgniter\CodeIgniter->run()
 5 SYSTEMPATH/Boot.php(67): CodeIgniter\Boot::runCodeIgniter()
 6 FCPATH/index.php(56): CodeIgniter\Boot::bootWeb()
CRITICAL - 2024-10-27 03:41:02 --> ArgumentCountError: Too few arguments to function App\Controllers\Home::inicio(), 0 passed in /home/u437507083/domains/oscaralas.link/public_html/prosaludlab/system/CodeIgniter.php on line 933 and exactly 2 expected
[Method: POST, Route: home/inicio]
in APPPATH/Controllers/Home.php on line 19.
 1 SYSTEMPATH/CodeIgniter.php(933): App\Controllers\Home->inicio()
 2 SYSTEMPATH/CodeIgniter.php(509): CodeIgniter\CodeIgniter->runController()
 3 SYSTEMPATH/CodeIgniter.php(355): CodeIgniter\CodeIgniter->handleRequest()
 4 SYSTEMPATH/Boot.php(325): CodeIgniter\CodeIgniter->run()
 5 SYSTEMPATH/Boot.php(67): CodeIgniter\Boot::runCodeIgniter()
 6 FCPATH/index.php(56): CodeIgniter\Boot::bootWeb()
CRITICAL - 2024-10-27 03:41:38 --> ArgumentCountError: Too few arguments to function App\Controllers\Home::inicio(), 0 passed in /home/u437507083/domains/oscaralas.link/public_html/prosaludlab/system/CodeIgniter.php on line 933 and exactly 2 expected
[Method: POST, Route: home/inicio]
in APPPATH/Controllers/Home.php on line 19.
 1 SYSTEMPATH/CodeIgniter.php(933): App\Controllers\Home->inicio()
 2 SYSTEMPATH/CodeIgniter.php(509): CodeIgniter\CodeIgniter->runController()
 3 SYSTEMPATH/CodeIgniter.php(355): CodeIgniter\CodeIgniter->handleRequest()
 4 SYSTEMPATH/Boot.php(325): CodeIgniter\CodeIgniter->run()
 5 SYSTEMPATH/Boot.php(67): CodeIgniter\Boot::runCodeIgniter()
 6 FCPATH/index.php(56): CodeIgniter\Boot::bootWeb()
ERROR - 2024-10-27 03:42:27 --> mysqli_sql_exception: You have an error in your SQL syntax; check the manual that corresponds to your MariaDB server version for the right syntax to use near '12345'' at line 1 in /home/u437507083/domains/oscaralas.link/public_html/prosaludlab/system/Database/MySQLi/Connection.php:312
Stack trace:
#0 /home/u437507083/domains/oscaralas.link/public_html/prosaludlab/system/Database/MySQLi/Connection.php(312): mysqli->query()
#1 /home/u437507083/domains/oscaralas.link/public_html/prosaludlab/system/Database/BaseConnection.php(734): CodeIgniter\Database\MySQLi\Connection->execute()
#2 /home/u437507083/domains/oscaralas.link/public_html/prosaludlab/system/Database/BaseConnection.php(648): CodeIgniter\Database\BaseConnection->simpleQuery()
#3 /home/u437507083/domains/oscaralas.link/public_html/prosaludlab/app/Models/Persona.php(17): CodeIgniter\Database\BaseConnection->query()
#4 /home/u437507083/domains/oscaralas.link/public_html/prosaludlab/app/Controllers/Home.php(37): App\Models\Persona->get_usuario()
#5 /home/u437507083/domains/oscaralas.link/public_html/prosaludlab/system/CodeIgniter.php(933): App\Controllers\Home->inicio()
#6 /home/u437507083/domains/oscaralas.link/public_html/prosaludlab/system/CodeIgniter.php(509): CodeIgniter\CodeIgniter->runController()
#7 /home/u437507083/domains/oscaralas.link/public_html/prosaludlab/system/CodeIgniter.php(355): CodeIgniter\CodeIgniter->handleRequest()
#8 /home/u437507083/domains/oscaralas.link/public_html/prosaludlab/system/Boot.php(325): CodeIgniter\CodeIgniter->run()
#9 /home/u437507083/domains/oscaralas.link/public_html/prosaludlab/system/Boot.php(67): CodeIgniter\Boot::runCodeIgniter()
#10 /home/u437507083/domains/oscaralas.link/public_html/prosaludlab/public/index.php(56): CodeIgniter\Boot::bootWeb()
#11 {main}
CRITICAL - 2024-10-27 03:42:27 --> CodeIgniter\Database\Exceptions\DatabaseException: You have an error in your SQL syntax; check the manual that corresponds to your MariaDB server version for the right syntax to use near '12345'' at line 1
[Method: POST, Route: home/inicio]
in SYSTEMPATH/Database/BaseConnection.php on line 688.
 1 APPPATH/Models/Persona.php(17): CodeIgniter\Database\BaseConnection->query()
 2 APPPATH/Controllers/Home.php(37): App\Models\Persona->get_usuario()
 3 SYSTEMPATH/CodeIgniter.php(933): App\Controllers\Home->inicio()
 4 SYSTEMPATH/CodeIgniter.php(509): CodeIgniter\CodeIgniter->runController()
 5 SYSTEMPATH/CodeIgniter.php(355): CodeIgniter\CodeIgniter->handleRequest()
 6 SYSTEMPATH/Boot.php(325): CodeIgniter\CodeIgniter->run()
 7 SYSTEMPATH/Boot.php(67): CodeIgniter\Boot::runCodeIgniter()
 8 FCPATH/index.php(56): CodeIgniter\Boot::bootWeb()
CRITICAL - 2024-10-27 03:42:27 --> [Caused by] CodeIgniter\Database\Exceptions\DatabaseException: You have an error in your SQL syntax; check the manual that corresponds to your MariaDB server version for the right syntax to use near '12345'' at line 1
in SYSTEMPATH/Database/MySQLi/Connection.php on line 317.
 1 SYSTEMPATH/Database/BaseConnection.php(734): CodeIgniter\Database\MySQLi\Connection->execute()
 2 SYSTEMPATH/Database/BaseConnection.php(648): CodeIgniter\Database\BaseConnection->simpleQuery()
 3 APPPATH/Models/Persona.php(17): CodeIgniter\Database\BaseConnection->query()
 4 APPPATH/Controllers/Home.php(37): App\Models\Persona->get_usuario()
 5 SYSTEMPATH/CodeIgniter.php(933): App\Controllers\Home->inicio()
 6 SYSTEMPATH/CodeIgniter.php(509): CodeIgniter\CodeIgniter->runController()
 7 SYSTEMPATH/CodeIgniter.php(355): CodeIgniter\CodeIgniter->handleRequest()
 8 SYSTEMPATH/Boot.php(325): CodeIgniter\CodeIgniter->run()
 9 SYSTEMPATH/Boot.php(67): CodeIgniter\Boot::runCodeIgniter()
10 FCPATH/index.php(56): CodeIgniter\Boot::bootWeb()
CRITICAL - 2024-10-27 03:42:27 --> [Caused by] mysqli_sql_exception: You have an error in your SQL syntax; check the manual that corresponds to your MariaDB server version for the right syntax to use near '12345'' at line 1
in SYSTEMPATH/Database/MySQLi/Connection.php on line 312.
 1 SYSTEMPATH/Database/MySQLi/Connection.php(312): mysqli->query()
 2 SYSTEMPATH/Database/BaseConnection.php(734): CodeIgniter\Database\MySQLi\Connection->execute()
 3 SYSTEMPATH/Database/BaseConnection.php(648): CodeIgniter\Database\BaseConnection->simpleQuery()
 4 APPPATH/Models/Persona.php(17): CodeIgniter\Database\BaseConnection->query()
 5 APPPATH/Controllers/Home.php(37): App\Models\Persona->get_usuario()
 6 SYSTEMPATH/CodeIgniter.php(933): App\Controllers\Home->inicio()
 7 SYSTEMPATH/CodeIgniter.php(509): CodeIgniter\CodeIgniter->runController()
 8 SYSTEMPATH/CodeIgniter.php(355): CodeIgniter\CodeIgniter->handleRequest()
 9 SYSTEMPATH/Boot.php(325): CodeIgniter\CodeIgniter->run()
10 SYSTEMPATH/Boot.php(67): CodeIgniter\Boot::runCodeIgniter()
11 FCPATH/index.php(56): CodeIgniter\Boot::bootWeb()
ERROR - 2024-10-27 03:43:04 --> mysqli_sql_exception: You have an error in your SQL syntax; check the manual that corresponds to your MariaDB server version for the right syntax to use near ''alas.leonardo@gmail.com AND usu_contrasena = 12345' at line 1 in /home/u437507083/domains/oscaralas.link/public_html/prosaludlab/system/Database/MySQLi/Connection.php:312
Stack trace:
#0 /home/u437507083/domains/oscaralas.link/public_html/prosaludlab/system/Database/MySQLi/Connection.php(312): mysqli->query()
#1 /home/u437507083/domains/oscaralas.link/public_html/prosaludlab/system/Database/BaseConnection.php(734): CodeIgniter\Database\MySQLi\Connection->execute()
#2 /home/u437507083/domains/oscaralas.link/public_html/prosaludlab/system/Database/BaseConnection.php(648): CodeIgniter\Database\BaseConnection->simpleQuery()
#3 /home/u437507083/domains/oscaralas.link/public_html/prosaludlab/app/Models/Persona.php(17): CodeIgniter\Database\BaseConnection->query()
#4 /home/u437507083/domains/oscaralas.link/public_html/prosaludlab/app/Controllers/Home.php(37): App\Models\Persona->get_usuario()
#5 /home/u437507083/domains/oscaralas.link/public_html/prosaludlab/system/CodeIgniter.php(933): App\Controllers\Home->inicio()
#6 /home/u437507083/domains/oscaralas.link/public_html/prosaludlab/system/CodeIgniter.php(509): CodeIgniter\CodeIgniter->runController()
#7 /home/u437507083/domains/oscaralas.link/public_html/prosaludlab/system/CodeIgniter.php(355): CodeIgniter\CodeIgniter->handleRequest()
#8 /home/u437507083/domains/oscaralas.link/public_html/prosaludlab/system/Boot.php(325): CodeIgniter\CodeIgniter->run()
#9 /home/u437507083/domains/oscaralas.link/public_html/prosaludlab/system/Boot.php(67): CodeIgniter\Boot::runCodeIgniter()
#10 /home/u437507083/domains/oscaralas.link/public_html/prosaludlab/public/index.php(56): CodeIgniter\Boot::bootWeb()
#11 {main}
CRITICAL - 2024-10-27 03:43:04 --> CodeIgniter\Database\Exceptions\DatabaseException: You have an error in your SQL syntax; check the manual that corresponds to your MariaDB server version for the right syntax to use near ''alas.leonardo@gmail.com AND usu_contrasena = 12345' at line 1
[Method: POST, Route: home/inicio]
in SYSTEMPATH/Database/BaseConnection.php on line 688.
 1 APPPATH/Models/Persona.php(17): CodeIgniter\Database\BaseConnection->query()
 2 APPPATH/Controllers/Home.php(37): App\Models\Persona->get_usuario()
 3 SYSTEMPATH/CodeIgniter.php(933): App\Controllers\Home->inicio()
 4 SYSTEMPATH/CodeIgniter.php(509): CodeIgniter\CodeIgniter->runController()
 5 SYSTEMPATH/CodeIgniter.php(355): CodeIgniter\CodeIgniter->handleRequest()
 6 SYSTEMPATH/Boot.php(325): CodeIgniter\CodeIgniter->run()
 7 SYSTEMPATH/Boot.php(67): CodeIgniter\Boot::runCodeIgniter()
 8 FCPATH/index.php(56): CodeIgniter\Boot::bootWeb()
CRITICAL - 2024-10-27 03:43:04 --> [Caused by] CodeIgniter\Database\Exceptions\DatabaseException: You have an error in your SQL syntax; check the manual that corresponds to your MariaDB server version for the right syntax to use near ''alas.leonardo@gmail.com AND usu_contrasena = 12345' at line 1
in SYSTEMPATH/Database/MySQLi/Connection.php on line 317.
 1 SYSTEMPATH/Database/BaseConnection.php(734): CodeIgniter\Database\MySQLi\Connection->execute()
 2 SYSTEMPATH/Database/BaseConnection.php(648): CodeIgniter\Database\BaseConnection->simpleQuery()
 3 APPPATH/Models/Persona.php(17): CodeIgniter\Database\BaseConnection->query()
 4 APPPATH/Controllers/Home.php(37): App\Models\Persona->get_usuario()
 5 SYSTEMPATH/CodeIgniter.php(933): App\Controllers\Home->inicio()
 6 SYSTEMPATH/CodeIgniter.php(509): CodeIgniter\CodeIgniter->runController()
 7 SYSTEMPATH/CodeIgniter.php(355): CodeIgniter\CodeIgniter->handleRequest()
 8 SYSTEMPATH/Boot.php(325): CodeIgniter\CodeIgniter->run()
 9 SYSTEMPATH/Boot.php(67): CodeIgniter\Boot::runCodeIgniter()
10 FCPATH/index.php(56): CodeIgniter\Boot::bootWeb()
CRITICAL - 2024-10-27 03:43:04 --> [Caused by] mysqli_sql_exception: You have an error in your SQL syntax; check the manual that corresponds to your MariaDB server version for the right syntax to use near ''alas.leonardo@gmail.com AND usu_contrasena = 12345' at line 1
in SYSTEMPATH/Database/MySQLi/Connection.php on line 312.
 1 SYSTEMPATH/Database/MySQLi/Connection.php(312): mysqli->query()
 2 SYSTEMPATH/Database/BaseConnection.php(734): CodeIgniter\Database\MySQLi\Connection->execute()
 3 SYSTEMPATH/Database/BaseConnection.php(648): CodeIgniter\Database\BaseConnection->simpleQuery()
 4 APPPATH/Models/Persona.php(17): CodeIgniter\Database\BaseConnection->query()
 5 APPPATH/Controllers/Home.php(37): App\Models\Persona->get_usuario()
 6 SYSTEMPATH/CodeIgniter.php(933): App\Controllers\Home->inicio()
 7 SYSTEMPATH/CodeIgniter.php(509): CodeIgniter\CodeIgniter->runController()
 8 SYSTEMPATH/CodeIgniter.php(355): CodeIgniter\CodeIgniter->handleRequest()
 9 SYSTEMPATH/Boot.php(325): CodeIgniter\CodeIgniter->run()
10 SYSTEMPATH/Boot.php(67): CodeIgniter\Boot::runCodeIgniter()
11 FCPATH/index.php(56): CodeIgniter\Boot::bootWeb()
CRITICAL - 2024-10-27 03:45:12 --> ErrorException: Trying to access array offset on value of type null
[Method: POST, Route: home/inicio]
in APPPATH/Views/principal.php on line 380.
 1 APPPATH/Views/principal.php(380): CodeIgniter\Debug\Exceptions->errorHandler()
 2 SYSTEMPATH/View/View.php(234): include('/home/u437507083/domains/oscaralas.link/public_html/prosaludlab/app/Views/principal.php')
 3 SYSTEMPATH/View/View.php(237): CodeIgniter\View\View->CodeIgniter\View\{closure}()
 4 SYSTEMPATH/Common.php(1171): CodeIgniter\View\View->render()
 5 APPPATH/Controllers/Home.php(41): view()
 6 SYSTEMPATH/CodeIgniter.php(933): App\Controllers\Home->inicio()
 7 SYSTEMPATH/CodeIgniter.php(509): CodeIgniter\CodeIgniter->runController()
 8 SYSTEMPATH/CodeIgniter.php(355): CodeIgniter\CodeIgniter->handleRequest()
 9 SYSTEMPATH/Boot.php(325): CodeIgniter\CodeIgniter->run()
10 SYSTEMPATH/Boot.php(67): CodeIgniter\Boot::runCodeIgniter()
11 FCPATH/index.php(56): CodeIgniter\Boot::bootWeb()
CRITICAL - 2024-10-27 03:51:32 --> ErrorException: Undefined variable $usu_email
[Method: GET, Route: home/inicio]
in APPPATH/Controllers/Home.php on line 35.
 1 APPPATH/Controllers/Home.php(35): CodeIgniter\Debug\Exceptions->errorHandler()
 2 SYSTEMPATH/CodeIgniter.php(933): App\Controllers\Home->inicio()
 3 SYSTEMPATH/CodeIgniter.php(509): CodeIgniter\CodeIgniter->runController()
 4 SYSTEMPATH/CodeIgniter.php(355): CodeIgniter\CodeIgniter->handleRequest()
 5 SYSTEMPATH/Boot.php(325): CodeIgniter\CodeIgniter->run()
 6 SYSTEMPATH/Boot.php(67): CodeIgniter\Boot::runCodeIgniter()
 7 FCPATH/index.php(56): CodeIgniter\Boot::bootWeb()
CRITICAL - 2024-10-27 03:59:47 --> ErrorException: Trying to access array offset on value of type null
[Method: POST, Route: home/inicio]
in APPPATH/Views/principal.php on line 380.
 1 APPPATH/Views/principal.php(380): CodeIgniter\Debug\Exceptions->errorHandler()
 2 SYSTEMPATH/View/View.php(234): include('/home/u437507083/domains/oscaralas.link/public_html/prosaludlab/app/Views/principal.php')
 3 SYSTEMPATH/View/View.php(237): CodeIgniter\View\View->CodeIgniter\View\{closure}()
 4 SYSTEMPATH/Common.php(1171): CodeIgniter\View\View->render()
 5 APPPATH/Controllers/Home.php(41): view()
 6 SYSTEMPATH/CodeIgniter.php(933): App\Controllers\Home->inicio()
 7 SYSTEMPATH/CodeIgniter.php(509): CodeIgniter\CodeIgniter->runController()
 8 SYSTEMPATH/CodeIgniter.php(355): CodeIgniter\CodeIgniter->handleRequest()
 9 SYSTEMPATH/Boot.php(325): CodeIgniter\CodeIgniter->run()
10 SYSTEMPATH/Boot.php(67): CodeIgniter\Boot::runCodeIgniter()
11 FCPATH/index.php(56): CodeIgniter\Boot::bootWeb()
CRITICAL - 2024-10-27 04:00:09 --> ErrorException: Trying to access array offset on value of type null
[Method: POST, Route: home/inicio]
in APPPATH/Views/principal.php on line 380.
 1 APPPATH/Views/principal.php(380): CodeIgniter\Debug\Exceptions->errorHandler()
 2 SYSTEMPATH/View/View.php(234): include('/home/u437507083/domains/oscaralas.link/public_html/prosaludlab/app/Views/principal.php')
 3 SYSTEMPATH/View/View.php(237): CodeIgniter\View\View->CodeIgniter\View\{closure}()
 4 SYSTEMPATH/Common.php(1171): CodeIgniter\View\View->render()
 5 APPPATH/Controllers/Home.php(41): view()
 6 SYSTEMPATH/CodeIgniter.php(933): App\Controllers\Home->inicio()
 7 SYSTEMPATH/CodeIgniter.php(509): CodeIgniter\CodeIgniter->runController()
 8 SYSTEMPATH/CodeIgniter.php(355): CodeIgniter\CodeIgniter->handleRequest()
 9 SYSTEMPATH/Boot.php(325): CodeIgniter\CodeIgniter->run()
10 SYSTEMPATH/Boot.php(67): CodeIgniter\Boot::runCodeIgniter()
11 FCPATH/index.php(56): CodeIgniter\Boot::bootWeb()
CRITICAL - 2024-10-27 19:17:33 --> ErrorException: Trying to access array offset on value of type null
[Method: POST, Route: home/inicio]
in APPPATH/Views/principal.php on line 380.
 1 APPPATH/Views/principal.php(380): CodeIgniter\Debug\Exceptions->errorHandler()
 2 SYSTEMPATH/View/View.php(234): include('/home/u437507083/domains/oscaralas.link/public_html/prosaludlab/app/Views/principal.php')
 3 SYSTEMPATH/View/View.php(237): CodeIgniter\View\View->CodeIgniter\View\{closure}()
 4 SYSTEMPATH/Common.php(1171): CodeIgniter\View\View->render()
 5 APPPATH/Controllers/Home.php(42): view()
 6 SYSTEMPATH/CodeIgniter.php(933): App\Controllers\Home->inicio()
 7 SYSTEMPATH/CodeIgniter.php(509): CodeIgniter\CodeIgniter->runController()
 8 SYSTEMPATH/CodeIgniter.php(355): CodeIgniter\CodeIgniter->handleRequest()
 9 SYSTEMPATH/Boot.php(325): CodeIgniter\CodeIgniter->run()
10 SYSTEMPATH/Boot.php(67): CodeIgniter\Boot::runCodeIgniter()
11 FCPATH/index.php(56): CodeIgniter\Boot::bootWeb()
CRITICAL - 2024-10-27 19:18:10 --> ErrorException: Undefined variable $datos
[Method: GET, Route: home/registro]
in APPPATH/Controllers/Home.php on line 47.
 1 APPPATH/Controllers/Home.php(47): CodeIgniter\Debug\Exceptions->errorHandler()
 2 SYSTEMPATH/CodeIgniter.php(933): App\Controllers\Home->usuario_registrar()
 3 SYSTEMPATH/CodeIgniter.php(509): CodeIgniter\CodeIgniter->runController()
 4 SYSTEMPATH/CodeIgniter.php(355): CodeIgniter\CodeIgniter->handleRequest()
 5 SYSTEMPATH/Boot.php(325): CodeIgniter\CodeIgniter->run()
 6 SYSTEMPATH/Boot.php(67): CodeIgniter\Boot::runCodeIgniter()
 7 FCPATH/index.php(56): CodeIgniter\Boot::bootWeb()
